4 84 3 1
84 4 3 1
0 10 7 1
10 0 7 1
2 60 8 1
60 2 8 1
3 74 10 1
25 32 10 1
32 25 10 1
74 3 10 1
0 5 11 1
1 25 11 1
5 0 11 1
25 1 11 1
2 44 13 1
44 2 13 1
3 69 15 1
69 3 15 1
4 90 19 1
90 4 19 1
3 70 20 1
70 3 20 1
4 95 21 1
7 11 21 1
11 7 21 1
31 39 21 1
39 31 21 1
95 4 21 1
1 41 23 1
41 1 23 1
0 15 24 1
15 0 24 1
0 10 25 1
10 0 25 1
0 17 27 1
17 0 27 1
43 54 29 1
54 43 29 1
62 63 29 1
63 62 29 1
84 91 29 1
91 84 29 1
0 10 30 1
0 13 30 1
10 0 30 1
10 13 30 1
13 0 30 1
13 10 30 1
0 17 31 1
17 0 31 1
0 17 34 1
4 92 33 2
12 20 34 1
17 0 34 1
20 12 34 1
92 4 33 2
3 66 37 1
66 3 37 1
84 95 37 1
95 84 37 1
1 42 38 1
42 1 38 1
67 75 41 1
75 67 41 1
82 95 41 1
95 82 41 1
26 29 46 1
29 26 46 1
62 72 46 1
72 62 46 1
82 95 47 1
95 82 47 1
3 66 48 1
66 3 48 1
91 99 51 1
99 91 51 1
2 51 54 1
8 10 54 1
10 8 54 1
51 2 54 1
1 41 55 1
41 1 55 1
1 33 56 1
33 1 56 1
43 50 56 1
50 43 56 1
1 24 60 2
1 41 61 1
24 1 60 2
24 41 61 1
41 1 61 1
41 24 61 1
12 18 63 1
18 12 63 1
51 59 63 1
59 51 63 1
82 93 64 1
93 82 64 1
4 96 67 1
43 60 67 1
60 43 67 1
81 87 67 1
87 81 67 1
96 4 67 1
0 18 71 1
18 0 71 1
3 65 72 1
65 3 72 1
83 96 72 1
96 83 72 1
24 34 74 1
34 24 74 1
2 60 75 1
60 2 75 1
67 71 75 1
71 67 75 1
1 27 76 1
27 1 76 1
43 46 77 1
46 43 77 1
4 87 78 1
87 4 78 1
62 67 79 1
67 62 79 1
0 5 80 1
0 17 80 1
5 0 80 1
5 17 80 1
17 0 80 1
17 5 80 1
81 91 85 1
91 81 85 1
3 62 86 2
62 3 86 2
3 66 89 1
4 88 89 1
66 3 89 1
88 4 89 1
3 62 90 1
5 17 90 1
17 5 90 1
62 3 90 1
1 24 93 1
24 1 93 1
1 24 95 1
24 1 95 1
62 69 95 1
69 62 95 1
2 55 98 1
3 66 98 1
55 2 98 1
66 3 98 1
1 24 99 1
24 1 99 1
0 17 101 1
17 0 101 1
3 70 102 1
4 84 102 1
70 3 102 1
83 89 102 1
84 4 102 1
89 83 102 1
2 53 104 1
53 2 104 1
63 65 105 1
65 63 105 1
81 96 105 1
96 81 105 1
4 83 109 1
83 4 109 1
4 87 111 1
4 89 111 1
87 4 111 1
87 89 111 1
89 4 111 1
89 87 111 1
2 47 115 1
44 50 115 1
47 2 115 1
50 44 115 1
4 81 119 1
5 12 119 1
12 5 119 1
81 4 119 1
0 13 121 1
13 0 121 1
43 48 122 1
46 58 122 1
48 43 122 1
58 46 122 1
5 15 126 1
15 5 126 1
1 34 127 1
34 1 127 1
46 54 128 1
54 46 128 1
81 87 129 1
87 81 129 1
2 48 131 1
48 2 131 1
63 72 131 1
72 63 131 1
3 65 134 1
65 3 134 1
65 70 136 1
70 65 136 1
64 70 138 1
70 64 138 1
0 18 141 1
18 0 141 1
1 31 143 2
31 1 143 2
0 11 145 1
11 0 145 1
67 75 146 1
75 67 146 1
1 35 147 1
35 1 147 1
43 45 147 1
45 43 147 1
5 18 149 1
18 5 149 1
4 86 150 1
27 42 150 1
42 27 150 1
86 4 150 1
0 11 151 1
11 0 151 1
62 67 151 1
67 62 151 1
5 19 154 1
19 5 154 1
24 29 154 1
29 24 154 1
3 67 156 1
67 3 156 1
4 83 157 1
24 27 157 1
27 24 157 1
83 4 157 1
3 69 158 1
69 3 158 1
47 53 159 1
53 47 159 1
82 87 159 1
87 82 159 1
65 69 160 1
69 65 160 1
4 96 162 1
96 4 162 1
83 95 163 1
95 83 163 1
3 69 165 1
69 3 165 1
1 30 172 1
30 1 172 1
71 72 176 1
72 71 176 1
2 46 179 1
46 2 179 1
24 36 181 1
36 24 181 1
4 92 186 1
92 4 186 1
0 14 189 1
14 0 189 1
11 15 190 1
15 11 190 1
3 71 191 1
71 3 191 1
2 47 191 2
47 2 191 2
6 17 194 1
17 6 194 1
0 11 195 1
10 15 195 1
11 0 195 1
15 10 195 1
0 12 196 1
12 0 196 1
3 76 197 1
76 3 197 1
45 60 199 1
60 45 199 1
0 8 200 1
8 0 200 1
47 57 200 1
57 47 200 1
1 40 201 1
40 1 201 1
44 61 202 1
61 44 202 1
0 8 203 1
8 0 203 1
46 54 204 1
54 46 204 1
82 83 204 1
83 82 204 1
0 10 205 1
2 56 205 1
10 0 205 1
56 2 205 1
43 48 206 1
48 43 206 1
82 85 206 1
85 82 206 1
2 43 208 1
43 2 208 1
2 50 211 1
25 33 211 1
33 25 211 1
50 2 211 1
1 26 213 1
26 1 213 1
43 50 214 1
50 43 214 1
0 7 218 1
7 0 218 1
0 7 220 1
7 0 220 1
66 78 220 1
78 66 220 1
10 13 222 1
13 10 222 1
0 7 223 1
7 0 223 1
43 44 223 1
44 43 223 1
29 35 224 1
35 29 224 1
63 72 226 1
72 63 226 1
1 18 231 1
18 1 231 1
2 44 232 1
4 84 232 1
13 30 232 1
30 13 232 1
44 2 232 1
84 4 232 1
0 11 236 1
2 54 236 1
11 0 236 1
54 2 236 1
7 18 237 1
18 7 237 1
1 27 242 1
1 28 242 1
1 31 242 1
27 1 242 1
27 31 242 1
28 1 242 1
28 31 242 1
31 1 242 1
31 27 242 1
31 28 242 1
70 71 242 1
71 70 242 1
27 28 242 2
28 27 242 2
1 34 244 1
34 1 244 1
3 73 245 1
73 3 245 1
82 84 245 1
84 82 245 1
4 83 246 1
83 4 246 1
84 95 246 1
95 84 246 1
65 75 247 1
75 65 247 1
8 16 248 1
16 8 248 1
29 30 248 1
30 29 248 1
4 91 249 1
24 33 249 1
33 24 249 1
68 71 249 1
70 75 249 1
71 68 249 1
75 70 249 1
91 4 249 1
4 85 254 1
85 4 254 1
29 31 255 1
31 29 255 1
0 11 256 1
4 88 256 1
11 0 256 1
88 4 256 1
0 17 257 1
17 0 257 1
4 87 259 1
87 4 259 1
1 39 260 1
39 1 260 1
68 76 263 1
76 68 263 1
0 7 264 1
1 31 264 1
7 0 264 1
31 1 264 1
4 91 265 1
91 4 265 1
1 33 266 1
33 1 266 1
1 31 267 1
31 1 267 1
0 13 269 1
13 0 269 1
69 76 269 1
76 69 269 1
11 23 270 1
23 11 270 1
27 28 271 1
28 27 271 1
69 79 274 1
79 69 274 1
0 10 275 1
0 11 275 1
3 69 275 1
10 0 275 1
10 11 275 1
11 0 275 1
11 10 275 1
64 74 275 1
69 3 275 1
74 64 275 1
1 31 280 2
31 1 280 2
63 73 281 1
73 63 281 1
4 87 283 2
87 4 283 2
2 46 286 1
46 2 286 1
82 87 289 1
87 82 289 1
1 27 290 1
2 46 290 1
27 1 290 1
46 2 290 1
3 64 292 1
64 3 292 1
63 70 294 1
70 63 294 1
2 50 294 2
6 15 295 1
15 6 295 1
50 2 294 2
4 87 297 1
87 4 297 1
3 69 302 1
69 3 302 1
47 54 303 1
54 47 303 1
2 51 304 1
51 2 304 1
1 28 305 1
28 1 305 1
1 28 307 1
28 1 307 1
3 72 310 1
72 3 310 1
0 8 311 1
7 10 311 1
8 0 311 1
10 7 311 1
49 55 313 1
55 49 313 1
0 8 315 1
1 38 315 1
8 0 315 1
38 1 315 1
3 64 316 1
64 3 316 1
4 90 317 1
90 4 317 1
0 8 318 1
2 50 318 1
8 0 318 1
50 2 318 1
5 18 321 1
18 5 321 1
2 49 322 1
3 65 322 1
4 97 322 1
49 2 322 1
65 3 322 1
97 4 322 1
6 17 323 1
17 6 323 1
1 40 324 1
40 1 324 1
1 42 326 1
42 1 326 1
5 8 327 1
8 5 327 1
0 6 328 1
0 7 328 1
6 0 328 1
6 7 328 1
7 0 328 1
7 6 328 1
49 52 328 1
52 49 328 1
0 10 329 1
2 52 329 1
10 0 329 1
52 2 329 1
8 10 330 1
10 8 330 1
3 72 332 2
72 3 332 2
0 11 335 2
11 0 335 2
1 24 337 1
24 1 337 1
0 13 338 1
4 95 338 1
13 0 338 1
95 4 338 1
1 28 341 1
28 1 341 1
4 95 342 1
95 4 342 1
2 45 346 1
45 2 346 1
4 95 348 1
95 4 348 1
44 54 349 1
45 48 349 1
48 45 349 1
54 44 349 1
1 30 350 1
30 1 350 1
82 89 352 1
89 82 352 1
6 11 353 1
8 13 353 1
11 6 353 1
13 8 353 1
2 43 354 1
43 2 354 1
43 61 354 1
61 43 354 1
63 75 354 1
66 71 354 1
71 66 354 1
75 63 354 1
90 94 354 1
94 90 354 1
0 6 355 1
6 0 355 1
11 12 355 1
12 11 355 1
1 28 356 1
28 1 356 1
4 82 357 1
82 4 357 1
4 92 358 1
92 4 358 1
1 30 360 1
30 1 360 1
44 48 360 1
48 44 360 1
4 95 363 1
28 33 363 1
33 28 363 1
48 54 363 1
54 48 363 1
95 4 363 1
71 75 364 1
75 71 364 1
1 41 369 1
3 67 369 1
41 1 369 1
67 3 369 1
25 36 370 1
36 25 370 1
7 9 371 1
9 7 371 1
0 7 374 1
1 36 374 1
7 0 374 1
36 1 374 1
29 40 377 1
40 29 377 1
4 89 378 2
89 4 378 2
63 65 380 1
65 63 380 1
3 66 382 1
66 3 382 1
65 71 383 1
71 65 383 1
82 84 383 1
84 82 383 1
2 49 384 1
46 47 384 1
47 46 384 1
49 2 384 1
86 97 384 1
97 86 384 1
0 11 385 1
11 0 385 1
45 47 388 1
47 45 388 1
2 46 389 1
3 74 389 1
46 2 389 1
74 3 389 1
3 74 391 1
74 3 391 1
3 75 392 1
75 3 392 1
4 83 393 1
4 84 393 1
83 4 393 1
83 84 393 1
84 4 393 1
84 83 393 1
1 30 394 1
30 1 394 1
4 83 396 2
83 4 396 2
66 70 401 1
70 66 401 1
1 33 402 1
4 86 402 1
33 1 402 1
86 4 402 1
9 16 403 1
16 9 403 1
4 87 404 2
25 29 405 1
29 25 405 1
87 4 404 2
3 63 408 1
63 3 408 1
1 33 409 1
33 1 409 1
4 81 412 2
26 30 413 1
30 26 413 1
81 4 412 2
2 47 415 1
47 2 415 1
1 42 416 1
42 1 416 1
32 41 417 1
41 32 417 1
65 71 418 1
71 65 418 1
1 30 419 1
1 31 419 1
7 16 419 1
16 7 419 1
30 1 419 1
30 31 419 1
31 1 419 1
31 30 419 1
64 70 421 1
70 64 421 1
24 39 423 1
39 24 423 1
3 74 426 1
74 3 426 1
0 11 429 1
11 0 429 1
1 30 433 1
30 1 433 1
8 9 436 1
9 8 436 1
0 8 438 1
8 0 438 1
52 60 438 1
60 52 438 1
1 28 439 1
7 17 439 1
17 7 439 1
28 1 439 1
27 34 440 1
34 27 440 1
3 70 441 4
70 3 441 4
24 33 445 1
33 24 445 1
45 53 446 1
53 45 446 1
1 33 448 1
33 1 448 1
65 72 448 1
72 65 448 1
0 5 449 1
5 0 449 1
44 51 451 1
47 61 451 1
51 44 451 1
61 47 451 1
1 30 456 1
2 58 456 1
4 94 456 1
30 1 456 1
58 2 456 1
65 67 456 1
65 72 456 1
67 65 456 1
67 72 456 1
72 65 456 1
72 67 456 1
94 4 456 1
26 39 457 1
39 26 457 1
2 43 459 1
43 2 459 1
1 29 460 1
3 75 460 1
29 1 460 1
63 75 460 1
75 3 460 1
75 63 460 1
4 83 460 2
83 4 460 2
0 15 463 1
4 81 462 2
15 0 463 1
81 4 462 2
3 77 464 1
77 3 464 1
1 29 465 1
3 69 465 1
29 1 465 1
69 3 465 1
24 28 468 1
28 24 468 1
67 77 469 1
77 67 469 1
5 6 470 1
6 5 470 1
0 17 471 1
1 28 471 1
4 83 471 1
17 0 471 1
28 1 471 1
83 4 471 1
87 88 474 1
88 87 474 1
0 17 475 1
17 0 475 1
1 30 476 1
3 70 475 2
30 1 476 1
70 3 475 2
0 17 477 1
11 22 477 1
17 0 477 1
22 11 477 1
3 67 478 1
67 3 478 1
2 49 478 2
49 2 478 2
0 17 481 1
1 33 481 1
17 0 481 1
33 1 481 1
3 66 483 1
3 72 483 1
66 3 483 1
66 72 483 1
72 3 483 1
72 66 483 1
1 24 489 1
24 1 489 1
88 92 489 1
92 88 489 1
69 78 492 1
78 69 492 1
0 13 493 1
13 0 493 1
1 24 494 1
24 1 494 1
4 93 495 1
43 44 495 1
44 43 495 1
93 4 495 1
83 93 497 1
93 83 497 1
9 17 499 1
17 9 499 1
4 85 500 1
30 39 500 1
39 30 500 1
85 4 500 1
7 9 501 1
9 7 501 1
44 51 501 1
51 44 501 1
1 27 502 1
27 1 502 1
0 7 507 1
7 0 507 1
64 79 507 1
79 64 507 1
3 66 508 1
4 87 508 1
66 3 508 1
87 4 508 1
4 82 509 1
82 4 509 1
1 33 510 1
33 1 510 1
3 74 511 1
27 29 511 1
29 27 511 1
44 57 511 1
57 44 511 1
74 3 511 1
4 88 513 1
88 4 513 1
11 12 515 1
12 11 515 1
2 50 516 1
50 2 516 1
1 29 517 1
29 1 517 1
2 46 519 1
46 2 519 1
30 39 525 1
39 30 525 1
0 10 526 1
10 0 526 1
4 89 527 1
89 4 527 1
4 88 529 1
88 4 529 1
1 34 530 1
34 1 530 1
51 57 535 1
57 51 535 1
4 83 536 1
83 4 536 1
3 64 536 2
64 3 536 2
0 18 542 1
4 92 542 1
18 0 542 1
30 36 542 1
36 30 542 1
92 4 542 1
0 9 544 1
1 33 544 1
4 94 544 1
9 0 544 1
33 1 544 1
94 4 544 1
0 12 545 1
12 0 545 1
4 89 546 1
89 4 546 1
0 15 547 1
15 0 547 1
85 93 548 1
93 85 548 1
0 9 551 1
0 11 551 1
9 0 551 1
9 11 551 1
11 0 551 1
11 9 551 1
62 75 552 1
75 62 552 1
0 11 553 1
0 13 553 1
11 0 553 1
11 13 553 1
13 0 553 1
13 11 553 1
3 62 554 1
62 3 554 1
2 61 558 1
25 30 558 1
30 25 558 1
61 2 558 1
1 26 559 1
26 1 559 1
63 71 559 1
71 63 559 1
4 92 562 1
92 4 562 1
14 16 563 1
16 14 563 1
3 64 564 1
17 98 564 1
64 3 564 1
98 17 564 1
2 43 565 1
43 2 565 1
1 38 566 1
38 1 566 1
0 15 567 1
1 40 567 1
15 0 567 1
29 40 567 1
40 1 567 1
40 29 567 1
43 48 567 1
48 43 567 1
3 68 568 2
68 3 568 2
68 79 569 1
79 68 569 1
0 16 571 1
16 0 571 1
2 45 573 1
45 2 573 1
3 71 574 1
46 56 574 1
56 46 574 1
71 3 574 1
65 67 575 1
65 71 575 1
67 65 575 1
67 71 575 1
71 65 575 1
71 67 575 1
1 27 576 1
2 48 576 1
27 1 576 1
48 2 576 1
4 93 577 1
93 4 577 1
0 11 582 1
11 0 582 1
4 89 586 1
89 4 586 1
3 63 587 1
10 21 587 1
21 10 587 1
63 3 587 1
2 44 590 1
44 2 590 1
3 63 593 1
63 3 593 1
65 77 594 1
77 65 594 1
1 42 595 1
2 52 595 1
42 1 595 1
52 2 595 1
26 36 596 1
36 26 596 1
