1 32 2 1
6 9 2 1
9 6 2 1
32 1 2 1
10 22 3 1
22 10 3 1
30 41 3 1
41 30 3 1
0 22 4 1
1 32 4 1
22 0 4 1
32 1 4 1
44 51 4 1
51 44 4 1
0 5 5 1
0 10 5 1
1 35 5 1
2 44 5 1
2 57 5 1
4 82 5 1
5 0 5 1
10 0 5 1
35 1 5 1
44 2 5 1
44 57 5 1
57 2 5 1
57 44 5 1
82 4 5 1
1 38 6 1
38 1 6 1
54 60 6 1
60 54 6 1
1 35 7 1
4 89 7 1
29 38 7 1
35 1 7 1
38 29 7 1
50 57 7 1
51 59 7 1
57 50 7 1
59 51 7 1
89 4 7 1
0 10 8 1
1 38 8 1
2 56 8 1
4 82 8 1
10 0 8 1
12 22 8 1
22 12 8 1
38 1 8 1
56 2 8 1
82 4 8 1
3 78 9 1
6 20 9 1
20 6 9 1
78 3 9 1
82 89 9 1
89 82 9 1
2 57 10 1
3 74 10 1
57 2 10 1
63 69 10 1
69 63 10 1
74 3 10 1
0 7 11 1
0 10 11 1
1 30 11 1
2 51 11 1
5 8 11 1
7 0 11 1
7 10 11 1
8 5 11 1
10 0 11 1
10 7 11 1
30 1 11 1
35 41 11 1
41 35 11 1
48 59 11 1
51 2 11 1
59 48 11 1
0 21 12 1
7 12 12 1
12 7 12 1
21 0 12 1
28 29 12 1
29 28 12 1
48 51 12 1
51 48 12 1
1 32 13 1
2 43 13 1
6 13 13 1
13 6 13 1
32 1 13 1
43 2 13 1
0 8 14 1
4 91 14 1
8 0 14 1
32 35 14 1
35 32 14 1
48 57 14 1
57 48 14 1
62 68 14 1
68 62 14 1
91 4 14 1
1 31 15 1
25 39 15 1
31 1 15 1
39 25 15 1
0 7 16 1
1 32 16 1
7 0 16 1
9 13 16 1
13 9 16 1
32 1 16 1
45 50 16 1
50 45 16 1
1 38 17 1
3 69 17 1
38 1 17 1
48 50 17 1
50 48 17 1
62 64 17 1
64 62 17 1
69 3 17 1
2 59 18 1
3 80 18 1
29 31 18 1
31 29 18 1
43 48 18 1
48 43 18 1
59 2 18 1
80 3 18 1
1 39 19 1
2 45 19 1
4 83 19 1
5 21 19 1
21 5 19 1
39 1 19 1
45 2 19 1
82 85 19 1
83 4 19 1
85 82 19 1
0 7 20 1
1 29 20 1
4 93 20 1
7 0 20 1
9 12 20 1
12 9 20 1
29 1 20 1
62 78 20 1
63 80 20 1
78 62 20 1
80 63 20 1
93 4 20 1
2 43 21 1
11 21 21 1
21 11 21 1
28 29 21 1
28 39 21 1
29 28 21 1
29 39 21 1
39 28 21 1
39 29 21 1
43 2 21 1
0 10 22 1
1 32 22 1
4 89 21 2
7 12 22 1
10 0 22 1
12 7 22 1
32 1 22 1
32 38 22 1
32 41 22 1
38 32 22 1
41 32 22 1
85 93 22 1
89 4 21 2
93 85 22 1
1 38 22 2
10 13 23 1
13 10 23 1
25 32 23 1
26 35 23 1
32 25 23 1
35 26 23 1
38 1 22 2
82 89 23 1
89 82 23 1
0 8 24 1
0 13 24 1
1 39 24 1
1 40 24 1
2 48 24 1
3 69 23 2
8 0 24 1
8 13 24 1
13 0 24 1
13 8 24 1
39 1 24 1
39 40 24 1
40 1 24 1
40 39 24 1
48 2 24 1
69 3 23 2
84 89 24 1
89 84 24 1
2 51 25 1
7 12 25 1
12 7 25 1
31 35 25 1
35 31 25 1
51 2 25 1
91 98 25 1
98 91 25 1
0 12 26 1
3 64 26 1
4 82 26 1
12 0 26 1
12 13 26 1
13 12 26 1
62 66 26 1
64 3 26 1
66 62 26 1
81 94 26 1
82 4 26 1
94 81 26 1
3 69 27 1
4 85 27 1
6 14 27 1
9 21 27 1
11 12 27 1
12 11 27 1
14 6 27 1
21 9 27 1
48 54 27 1
54 48 27 1
64 66 27 1
66 64 27 1
69 3 27 1
85 4 27 1
89 94 27 1
94 89 27 1
0 10 28 1
10 0 28 1
45 54 28 1
54 45 28 1
82 89 28 1
89 82 28 1
1 30 29 1
24 40 29 1
28 41 29 1
30 1 29 1
40 24 29 1
41 28 29 1
43 60 29 1
60 43 29 1
4 85 30 1
25 41 30 1
41 25 30 1
62 70 30 1
70 62 30 1
85 4 30 1
1 30 31 1
3 72 31 1
6 10 31 1
10 6 31 1
30 1 31 1
43 48 31 1
48 43 31 1
72 3 31 1
81 94 31 1
94 81 31 1
4 86 32 1
6 13 32 1
9 11 32 1
11 9 32 1
13 6 32 1
86 4 32 1
0 12 33 1
1 28 33 1
5 13 32 2
12 0 33 1
13 5 32 2
28 1 33 1
82 84 33 1
84 82 33 1
1 40 34 1
2 48 34 1
4 86 34 1
6 19 34 1
19 6 34 1
25 28 34 1
28 25 34 1
30 31 34 1
31 30 34 1
40 1 34 1
47 54 34 1
48 2 34 1
54 47 34 1
62 70 34 1
70 62 34 1
86 4 34 1
6 18 35 1
18 6 35 1
25 38 35 1
28 38 35 1
38 25 35 1
38 28 35 1
43 60 35 1
60 43 35 1
4 83 35 2
28 30 36 1
30 28 36 1
83 4 35 2
0 17 37 1
3 62 37 1
4 84 37 1
17 0 37 1
25 28 37 1
28 25 37 1
30 40 37 1
40 30 37 1
62 3 37 1
81 86 37 1
84 4 37 1
86 81 37 1
1 24 38 1
1 25 38 1
3 68 38 1
12 18 38 1
18 12 38 1
24 1 38 1
24 25 38 1
25 1 38 1
25 24 38 1
43 48 38 1
48 43 38 1
68 3 38 1
82 84 38 1
82 86 38 1
84 82 38 1
84 86 38 1
86 82 38 1
86 84 38 1
89 96 38 1
96 89 38 1
3 75 40 1
75 3 40 1
82 89 40 1
89 82 40 1
1 38 41 1
6 13 41 1
13 6 41 1
28 30 41 1
30 28 41 1
38 1 41 1
0 13 42 1
1 25 42 1
2 53 39 4
2 56 42 1
4 94 42 1
6 12 42 1
12 6 42 1
13 0 42 1
25 1 42 1
47 56 42 1
53 2 39 4
56 2 42 1
56 47 42 1
94 4 42 1
3 64 43 1
9 17 43 1
17 9 43 1
64 3 43 1
0 13 44 1
4 94 44 1
5 19 44 1
13 0 44 1
19 5 44 1
44 55 44 1
55 44 44 1
81 89 44 1
89 81 44 1
94 4 44 1
1 40 45 1
3 73 45 1
40 1 45 1
73 3 45 1
81 85 45 1
85 81 45 1
2 53 46 1
53 2 46 1
1 40 47 1
3 70 47 1
4 88 45 3
40 1 47 1
47 55 47 1
55 47 47 1
63 69 47 1
69 63 47 1
70 3 47 1
88 4 45 3
88 93 47 1
93 88 47 1
0 7 47 2
4 93 47 2
7 0 47 2
7 11 48 1
11 7 48 1
29 40 48 1
32 35 48 1
35 32 48 1
40 29 48 1
45 53 48 1
53 45 48 1
93 4 47 2
2 50 48 2
3 62 49 1
5 13 49 1
9 11 49 1
11 9 49 1
13 5 49 1
44 54 49 1
50 2 48 2
54 44 49 1
62 3 49 1
0 19 50 1
2 45 50 1
4 88 49 2
19 0 50 1
45 2 50 1
48 60 50 1
60 48 50 1
88 4 49 2
1 28 51 1
4 93 51 1
6 19 51 1
19 6 51 1
28 1 51 1
45 50 51 1
50 45 51 1
93 4 51 1
50 54 52 1
54 50 52 1
83 84 52 1
84 83 52 1
1 33 52 2
1 40 53 1
2 55 53 1
24 31 53 1
31 24 53 1
33 1 52 2
33 40 53 1
40 1 53 1
40 33 53 1
55 2 53 1
81 95 53 1
82 96 53 1
83 88 53 1
88 83 53 1
95 81 53 1
96 82 53 1
3 70 54 1
11 17 54 1
17 11 54 1
63 73 54 1
70 3 54 1
73 63 54 1
81 83 54 1
83 81 54 1
86 89 54 1
89 86 54 1
1 40 55 1
2 50 55 1
40 1 55 1
48 60 55 1
50 2 55 1
60 48 55 1
67 73 55 1
73 67 55 1
86 93 55 1
93 86 55 1
0 7 56 1
3 76 56 1
4 85 56 1
7 0 56 1
12 17 56 1
17 12 56 1
68 76 56 1
76 3 56 1
76 68 56 1
85 4 56 1
0 6 57 1
2 48 56 2
3 68 55 3
6 0 57 1
48 2 56 2
68 3 55 3
85 95 57 1
95 85 57 1
0 9 58 1
2 53 58 1
3 73 58 1
6 7 58 1
7 6 58 1
9 0 58 1
53 2 58 1
68 73 58 1
73 3 58 1
73 68 58 1
75 78 58 1
78 75 58 1
3 75 59 1
4 88 59 1
4 97 59 1
9 19 59 1
19 9 59 1
67 80 59 1
75 3 59 1
80 67 59 1
88 4 59 1
88 97 59 1
97 4 59 1
97 88 59 1
0 9 60 1
2 44 60 1
2 54 60 1
4 98 60 1
6 7 60 1
7 6 60 1
9 0 60 1
33 36 60 1
36 33 60 1
44 2 60 1
44 54 60 1
54 2 60 1
54 44 60 1
67 75 60 1
75 67 60 1
84 95 60 1
85 88 60 1
88 85 60 1
95 84 60 1
98 4 60 1
1 36 61 1
2 60 61 1
6 12 61 1
12 6 61 1
36 1 61 1
60 2 61 1
0 19 62 1
1 35 62 1
19 0 62 1
31 33 61 2
33 31 61 2
35 1 62 1
50 51 62 1
51 50 62 1
82 98 62 1
98 82 62 1
1 34 63 1
1 41 63 1
2 50 63 1
4 95 63 1
11 20 63 1
20 11 63 1
34 1 63 1
34 41 63 1
41 1 63 1
41 34 63 1
50 2 63 1
95 4 63 1
2 54 64 1
3 73 63 2
4 98 64 1
27 41 64 1
33 34 64 1
34 33 64 1
41 27 64 1
46 50 64 1
50 46 64 1
54 2 64 1
64 78 64 1
73 3 63 2
78 64 64 1
98 4 64 1
0 5 65 1
4 90 65 1
5 0 65 1
24 33 65 1
33 24 65 1
45 50 65 1
46 51 65 1
50 45 65 1
51 46 65 1
90 4 65 1
4 95 66 1
6 13 66 1
13 6 66 1
45 48 66 1
48 45 66 1
95 4 66 1
0 10 67 1
1 38 67 1
2 54 67 1
10 0 67 1
32 42 67 1
38 1 67 1
42 32 67 1
54 2 67 1
82 95 67 1
85 92 67 1
92 85 67 1
95 82 67 1
2 56 68 1
3 78 68 1
5 10 68 1
10 5 68 1
56 2 68 1
78 3 68 1
82 86 68 1
86 82 68 1
91 96 68 1
96 91 68 1
3 80 69 1
4 95 69 1
80 3 69 1
95 4 69 1
1 35 70 1
2 48 70 1
2 53 69 2
3 73 70 1
9 20 70 1
20 9 70 1
25 38 70 1
35 1 70 1
38 25 70 1
48 2 70 1
48 53 70 1
53 2 69 2
53 48 70 1
64 68 70 1
67 80 70 1
68 64 70 1
73 3 70 1
80 67 70 1
0 10 69 3
1 42 71 1
3 70 71 1
10 0 69 3
42 1 71 1
62 68 71 1
62 79 71 1
68 62 71 1
68 79 71 1
70 3 71 1
79 62 71 1
79 68 71 1
87 95 71 1
93 98 71 1
95 87 71 1
98 93 71 1
0 11 72 1
1 32 72 1
2 54 72 1
11 0 72 1
32 1 72 1
54 2 72 1
67 80 72 1
80 67 72 1
24 32 73 1
32 24 73 1
62 79 73 1
79 62 73 1
0 10 74 1
10 0 74 1
33 35 74 1
35 33 74 1
96 98 74 1
98 96 74 1
3 79 75 1
24 32 75 1
32 24 75 1
46 47 75 1
47 46 75 1
79 3 75 1
0 6 76 1
0 10 76 1
1 28 76 1
2 56 76 1
4 95 76 1
6 0 76 1
6 10 76 1
10 0 76 1
10 6 76 1
28 1 76 1
56 2 76 1
63 79 76 1
79 63 76 1
84 86 76 1
84 91 76 1
86 84 76 1
91 84 76 1
95 4 76 1
1 26 77 1
3 70 77 1
4 87 77 1
6 20 77 1
20 6 77 1
26 1 77 1
70 3 77 1
87 4 77 1
3 79 78 1
4 91 78 1
63 70 78 1
70 63 78 1
71 73 78 1
73 71 78 1
79 3 78 1
91 4 78 1
0 6 78 2
0 13 79 1
1 30 78 2
4 97 79 1
6 0 78 2
6 13 79 1
13 0 79 1
13 6 79 1
30 1 78 2
68 79 79 1
79 68 79 1
97 4 79 1
2 45 80 1
2 54 80 1
4 91 80 1
12 20 80 1
20 12 80 1
45 2 80 1
45 54 80 1
54 2 80 1
54 45 80 1
66 75 80 1
75 66 80 1
82 99 80 1
91 4 80 1
99 82 80 1
2 51 81 1
4 93 81 1
6 9 81 1
7 11 81 1
9 6 81 1
11 7 81 1
30 38 81 1
38 30 81 1
51 2 81 1
62 67 81 1
67 62 81 1
93 4 81 1
0 7 81 2
4 98 82 1
7 0 81 2
8 11 82 1
11 8 82 1
43 54 82 1
54 43 82 1
92 97 82 1
97 92 82 1
98 4 82 1
8 17 83 1
17 8 83 1
44 56 83 1
47 50 83 1
50 47 83 1
56 44 83 1
90 91 83 1
91 90 83 1
0 8 84 1
0 20 84 1
1 32 84 1
3 69 84 1
8 0 84 1
20 0 84 1
24 32 84 1
32 1 84 1
32 24 84 1
64 78 84 1
68 69 84 1
69 3 84 1
69 68 84 1
78 64 84 1
1 24 84 2
2 60 85 1
3 68 84 2
5 13 85 1
13 5 85 1
24 1 84 2
27 30 85 1
30 27 85 1
43 51 85 1
50 60 85 1
51 43 85 1
60 2 85 1
60 50 85 1
63 79 85 1
68 3 84 2
79 63 85 1
84 95 85 1
87 91 85 1
91 87 85 1
95 84 85 1
2 46 86 1
2 50 85 2
3 80 86 1
46 2 86 1
46 56 86 1
50 2 85 2
56 46 86 1
80 3 86 1
90 98 86 1
91 93 86 1
93 91 86 1
98 90 86 1
0 12 87 1
0 20 87 1
2 60 87 1
12 0 87 1
12 20 87 1
20 0 87 1
20 12 87 1
25 35 87 1
35 25 87 1
60 2 87 1
70 80 87 1
80 70 87 1
82 86 87 1
86 82 87 1
1 38 88 1
2 50 88 1
3 69 88 1
38 1 88 1
50 2 88 1
52 60 88 1
60 52 88 1
69 3 88 1
86 99 88 1
99 86 88 1
0 11 89 1
0 20 89 1
2 46 89 1
11 0 89 1
20 0 89 1
27 38 89 1
28 32 89 1
32 28 89 1
38 27 89 1
45 50 89 1
46 2 89 1
50 45 89 1
63 70 89 1
70 63 89 1
0 5 90 1
4 99 90 1
5 0 90 1
43 47 90 1
47 43 90 1
63 68 90 1
65 80 90 1
68 63 90 1
80 65 90 1
99 4 90 1
0 10 91 1
1 38 91 1
4 95 91 1
10 0 91 1
38 1 91 1
95 4 91 1
0 17 92 1
17 0 92 1
82 86 92 1
84 98 92 1
86 82 92 1
98 84 92 1
2 54 93 1
3 64 93 1
3 67 93 1
28 38 93 1
38 28 93 1
54 2 93 1
64 3 93 1
64 67 93 1
67 3 93 1
67 64 93 1
82 98 93 1
98 82 93 1
1 38 94 1
31 35 94 1
35 31 94 1
38 1 94 1
44 56 94 1
56 44 94 1
81 95 94 1
95 81 94 1
24 32 95 1
32 24 95 1
47 54 95 1
54 47 95 1
82 84 95 1
84 82 95 1
0 9 95 2
0 13 96 1
4 92 96 1
9 0 95 2
9 13 96 1
13 0 96 1
13 9 96 1
44 54 96 1
54 44 96 1
92 4 96 1
2 50 96 2
7 21 97 1
10 20 97 1
20 10 97 1
21 7 97 1
28 32 97 1
32 28 97 1
44 46 97 1
44 57 97 1
46 44 97 1
50 2 96 2
57 44 97 1
63 80 97 1
80 63 97 1
86 99 97 1
99 86 97 1
34 41 98 1
41 34 98 1
65 80 98 1
68 78 98 1
78 68 98 1
80 65 98 1
0 13 99 1
1 35 99 1
2 57 99 1
13 0 99 1
24 34 99 1
25 26 99 1
26 25 99 1
34 24 99 1
35 1 99 1
44 46 99 1
46 44 99 1
57 2 99 1
1 31 100 1
2 53 100 1
3 65 100 1
4 90 100 1
31 1 100 1
53 2 100 1
65 3 100 1
90 4 100 1
0 14 101 1
2 57 101 1
14 0 101 1
57 2 101 1
63 70 101 1
70 63 101 1
0 7 102 1
2 46 102 1
3 75 101 2
4 89 102 1
7 0 102 1
24 36 102 1
36 24 102 1
46 2 102 1
64 69 102 1
69 64 102 1
75 3 101 2
82 89 102 1
84 91 102 1
89 4 102 1
89 82 102 1
91 84 102 1
1 34 103 1
4 82 102 2
4 86 103 1
5 11 103 1
7 20 103 1
10 12 103 1
11 5 103 1
12 10 103 1
20 7 103 1
34 1 103 1
81 95 103 1
82 4 102 2
86 4 103 1
95 81 103 1
0 7 104 1
1 25 104 1
7 0 104 1
25 1 104 1
81 99 104 1
99 81 104 1
0 15 105 1
1 31 105 1
15 0 105 1
26 31 105 1
27 32 105 1
31 1 105 1
31 26 105 1
32 27 105 1
81 82 105 1
82 81 105 1
2 53 106 1
4 95 106 1
26 36 106 1
36 26 106 1
53 2 106 1
95 4 106 1
24 28 107 1
28 24 107 1
46 51 107 1
51 46 107 1
0 15 108 1
1 31 107 2
3 69 107 2
4 82 108 1
5 15 108 1
15 0 108 1
15 5 108 1
25 33 108 1
31 1 107 2
33 25 108 1
69 3 107 2
82 4 108 1
82 95 108 1
95 82 108 1
1 35 109 1
3 70 109 1
4 95 109 1
7 15 109 1
15 7 109 1
24 28 109 1
28 24 109 1
35 1 109 1
43 51 109 1
51 43 109 1
70 3 109 1
95 4 109 1
10 20 110 1
20 10 110 1
0 5 108 4
3 63 111 1
4 95 111 1
5 0 108 4
7 13 111 1
13 7 111 1
43 47 111 1
46 57 111 1
47 43 111 1
57 46 111 1
63 3 111 1
95 4 111 1
1 31 112 1
2 46 112 1
31 1 112 1
31 36 112 1
36 31 112 1
46 2 112 1
62 63 112 1
63 62 112 1
0 10 112 2
1 28 113 1
1 35 113 1
2 54 113 1
3 69 113 1
10 0 112 2
27 31 113 1
28 1 113 1
28 35 113 1
31 27 113 1
35 1 113 1
35 28 113 1
54 2 113 1
66 70 113 1
69 3 113 1
70 66 113 1
90 91 113 1
91 90 113 1
0 13 114 1
13 0 114 1
47 51 114 1
51 47 114 1
64 77 114 1
77 64 114 1
1 31 115 1
2 54 115 1
5 13 115 1
9 10 115 1
10 9 115 1
13 5 115 1
25 33 115 1
31 1 115 1
33 25 115 1
54 2 115 1
62 69 115 1
63 75 115 1
69 62 115 1
75 63 115 1
0 20 116 1
3 66 116 1
4 98 115 2
20 0 116 1
26 28 116 1
28 26 116 1
63 66 116 1
66 3 116 1
66 63 116 1
98 4 115 2
1 31 117 1
5 13 117 1
13 5 117 1
31 1 117 1
0 20 118 1
2 49 118 1
3 64 118 1
7 14 118 1
14 7 118 1
20 0 118 1
49 2 118 1
62 69 118 1
64 3 118 1
69 62 118 1
0 11 119 1
4 82 119 1
6 11 119 1
11 0 119 1
11 6 119 1
82 4 119 1
2 56 120 1
3 69 120 1
56 2 120 1
69 3 120 1
81 90 120 1
90 81 120 1
0 6 119 3
1 24 121 1
1 32 121 1
2 54 121 1
4 97 121 1
6 0 119 3
24 1 121 1
24 32 121 1
32 1 121 1
32 24 121 1
33 37 121 1
37 33 121 1
45 51 121 1
51 45 121 1
54 2 121 1
62 65 121 1
65 62 121 1
84 95 121 1
95 84 121 1
97 4 121 1
0 20 122 1
20 0 122 1
63 64 122 1
64 63 122 1
86 91 122 1
91 86 122 1
1 35 123 1
3 75 123 1
4 84 123 1
4 90 123 1
8 12 123 1
12 8 123 1
24 36 123 1
25 28 123 1
28 25 123 1
35 1 123 1
36 24 123 1
75 3 123 1
84 4 123 1
90 4 123 1
2 43 123 2
2 46 123 2
9 15 124 1
15 9 124 1
43 2 123 2
43 46 123 2
46 2 123 2
46 43 123 2
82 84 124 1
84 82 124 1
85 90 124 1
90 85 124 1
0 10 125 1
10 0 125 1
26 31 125 1
31 26 125 1
65 66 125 1
66 65 125 1
84 99 125 1
99 84 125 1
0 15 126 1
3 66 126 1
4 89 126 1
7 10 126 1
10 7 126 1
15 0 126 1
62 65 126 1
65 62 126 1
65 77 126 1
66 3 126 1
77 65 126 1
89 4 126 1
0 10 127 1
1 33 127 1
3 70 127 1
10 0 127 1
33 1 127 1
64 77 127 1
70 3 127 1
77 64 127 1
2 51 128 1
2 55 127 2
27 31 128 1
31 27 128 1
46 54 128 1
51 2 128 1
51 55 128 1
54 46 128 1
55 2 127 2
55 51 128 1
83 89 128 1
84 91 128 1
89 83 128 1
91 84 128 1
0 16 129 1
1 31 129 1
2 54 129 1
4 92 129 1
6 20 129 1
16 0 129 1
20 6 129 1
31 1 129 1
54 2 129 1
67 70 129 1
70 67 129 1
92 4 129 1
1 36 130 1
3 70 130 1
26 31 130 1
31 26 130 1
36 1 130 1
44 56 130 1
46 55 130 1
55 46 130 1
56 44 130 1
70 3 130 1
81 83 130 1
83 81 130 1
2 47 131 1
3 76 131 1
7 14 131 1
14 7 131 1
43 55 131 1
47 2 131 1
55 43 131 1
76 3 131 1
0 18 132 1
3 66 132 1
18 0 132 1
31 33 132 1
33 31 132 1
44 55 132 1
55 44 132 1
66 3 132 1
83 86 132 1
86 83 132 1
2 54 133 1
4 84 130 4
4 86 133 1
54 2 133 1
84 4 130 4
86 4 133 1
0 13 134 1
2 56 134 1
3 68 134 1
4 95 134 1
13 0 134 1
46 54 134 1
54 46 134 1
56 2 134 1
68 3 134 1
95 4 134 1
3 70 135 1
6 12 134 2
10 20 135 1
12 6 134 2
20 10 135 1
68 70 135 1
70 3 135 1
70 68 135 1
82 95 135 1
95 82 135 1
45 48 136 1
47 57 136 1
48 45 136 1
57 47 136 1
84 91 136 1
91 84 136 1
0 10 137 1
1 26 136 2
10 0 137 1
10 19 137 1
19 10 137 1
26 1 136 2
46 55 137 1
55 46 137 1
82 89 137 1
89 82 137 1
90 95 137 1
95 90 137 1
0 22 138 1
1 27 138 1
3 69 137 2
4 99 138 1
10 14 138 1
14 10 138 1
22 0 138 1
27 1 138 1
27 34 138 1
34 27 138 1
69 3 137 2
99 4 138 1
0 14 139 1
4 92 139 1
14 0 139 1
44 54 139 1
54 44 139 1
65 67 139 1
65 69 139 1
67 65 139 1
67 69 139 1
69 65 139 1
69 67 139 1
92 4 139 1
0 10 139 2
3 67 140 1
10 0 139 2
27 35 140 1
28 36 140 1
35 27 140 1
36 28 140 1
43 48 140 1
48 43 140 1
63 69 140 1
64 76 140 1
67 3 140 1
69 63 140 1
76 64 140 1
4 86 141 1
7 10 141 1
10 7 141 1
86 4 141 1
2 51 140 3
9 22 142 1
22 9 142 1
51 2 140 3
81 91 142 1
91 81 142 1
2 54 143 1
4 84 143 1
6 9 143 1
9 6 143 1
44 51 142 2
51 44 142 2
54 2 143 1
63 70 143 1
70 63 143 1
81 98 143 1
84 4 143 1
98 81 143 1
30 34 144 1
34 30 144 1
64 76 144 1
76 64 144 1
81 84 144 1
84 81 144 1
0 10 144 2
1 26 145 1
10 0 144 2
24 31 145 1
26 1 145 1
31 24 145 1
43 51 145 1
50 56 145 1
51 43 145 1
56 50 145 1
62 70 145 1
70 62 145 1
82 90 145 1
90 82 145 1
0 11 146 1
11 0 146 1
28 33 146 1
33 28 146 1
43 52 146 1
49 51 146 1
49 56 146 1
51 49 146 1
52 43 146 1
56 49 146 1
81 90 146 1
90 81 146 1
1 31 147 1
4 83 147 1
5 12 147 1
12 5 147 1
31 1 147 1
83 4 147 1
0 13 148 1
2 44 148 1
4 89 148 1
13 0 148 1
43 51 148 1
44 2 148 1
44 47 148 1
45 59 148 1
47 44 148 1
51 43 148 1
59 45 148 1
89 4 148 1
0 16 149 1
2 47 149 1
4 91 149 1
11 13 149 1
13 11 149 1
16 0 149 1
47 2 149 1
86 90 149 1
90 86 149 1
91 4 149 1
6 13 150 1
13 6 150 1
63 68 150 1
68 63 150 1
69 79 150 1
79 69 150 1
0 7 151 1
2 47 151 1
3 68 151 1
4 91 151 1
5 12 151 1
7 0 151 1
12 5 151 1
47 2 151 1
68 3 151 1
71 72 151 1
72 71 151 1
91 4 151 1
0 22 152 1
1 29 152 1
2 44 152 1
22 0 152 1
29 1 152 1
44 2 152 1
62 71 152 1
71 62 152 1
0 13 153 1
13 0 153 1
43 52 152 2
52 43 152 2
82 94 153 1
94 82 153 1
1 27 154 1
1 28 154 1
2 52 154 1
3 65 154 1
4 91 153 2
16 19 154 1
19 16 154 1
27 1 154 1
27 28 154 1
28 1 154 1
28 27 154 1
52 2 154 1
65 3 154 1
81 91 154 1
91 4 153 2
91 81 154 1
2 48 155 1
3 68 155 1
47 52 155 1
48 2 155 1
52 47 155 1
68 3 155 1
83 92 155 1
92 83 155 1
1 28 156 1
2 49 156 1
26 30 156 1
28 1 156 1
30 26 156 1
44 52 156 1
49 2 156 1
52 44 156 1
70 76 156 1
76 70 156 1
2 55 157 1
4 81 157 1
5 11 157 1
10 20 157 1
11 5 157 1
20 10 157 1
55 2 157 1
81 4 157 1
2 52 158 1
3 69 158 1
52 2 158 1
62 63 158 1
63 62 158 1
69 3 158 1
0 12 159 1
0 22 159 1
1 33 159 1
4 83 159 1
12 0 159 1
12 22 159 1
22 0 159 1
22 12 159 1
33 1 159 1
83 4 159 1
3 62 160 1
3 71 160 1
43 57 160 1
57 43 160 1
62 3 160 1
62 71 160 1
71 3 160 1
71 62 160 1
81 83 160 1
83 81 160 1
1 30 161 1
2 56 161 1
30 1 161 1
56 2 161 1
0 7 162 1
1 34 162 1
2 54 162 1
2 57 162 1
7 0 162 1
34 1 162 1
54 2 162 1
57 2 162 1
83 97 162 1
97 83 162 1
6 7 163 1
7 6 163 1
82 91 163 1
91 82 163 1
2 55 164 1
4 88 163 2
55 2 164 1
88 4 163 2
0 14 165 1
4 89 165 1
6 23 165 1
14 0 165 1
23 6 165 1
66 68 165 1
68 66 165 1
89 4 165 1
0 11 166 1
2 54 166 1
9 14 166 1
11 0 166 1
14 9 166 1
43 57 166 1
54 2 166 1
57 43 166 1
0 14 167 1
2 47 167 1
5 9 166 2
9 5 166 2
14 0 167 1
47 2 167 1
86 90 167 1
90 86 167 1
1 25 168 1
1 28 168 1
2 54 168 1
3 69 168 1
9 14 168 1
14 9 168 1
25 1 168 1
25 28 168 1
28 1 168 1
28 25 168 1
31 34 168 1
34 31 168 1
54 2 168 1
66 71 168 1
69 3 168 1
71 66 168 1
86 89 168 1
89 86 168 1
0 9 169 1
1 35 169 1
3 62 169 1
3 76 169 1
4 81 169 1
4 88 169 1
9 0 169 1
25 35 169 1
35 1 169 1
35 25 169 1
44 54 169 1
54 44 169 1
62 3 169 1
62 76 169 1
75 79 169 1
76 3 169 1
76 62 169 1
76 79 169 1
79 75 169 1
79 76 169 1
81 4 169 1
82 88 169 1
88 4 169 1
88 82 169 1
0 12 170 1
12 0 170 1
16 23 170 1
23 16 170 1
43 47 169 2
47 43 169 2
64 69 170 1
69 64 170 1
0 9 171 1
9 0 171 1
83 88 171 1
88 83 171 1
0 20 172 1
2 54 172 1
20 0 172 1
28 29 172 1
29 28 172 1
54 2 172 1
62 63 172 1
63 62 172 1
0 21 173 1
2 55 173 1
3 77 173 1
21 0 173 1
24 29 173 1
29 24 173 1
55 2 173 1
77 3 173 1
0 9 174 1
1 28 174 1
2 45 173 2
4 86 174 1
7 11 174 1
9 0 174 1
9 21 174 1
11 7 174 1
21 9 174 1
28 1 174 1
45 2 173 2
86 4 174 1
0 21 175 1
2 48 175 1
21 0 175 1
27 28 175 1
28 27 175 1
48 2 175 1
0 11 176 1
3 78 176 1
4 83 176 1
7 21 176 1
11 0 176 1
21 7 176 1
26 28 176 1
28 26 176 1
45 60 176 1
60 45 176 1
63 64 176 1
64 63 176 1
78 3 176 1
83 4 176 1
83 89 176 1
89 83 176 1
2 49 177 1
4 89 176 2
8 11 177 1
11 8 177 1
49 2 177 1
82 91 177 1
86 94 177 1
89 4 176 2
91 82 177 1
94 86 177 1
0 12 178 1
1 34 178 1
2 45 178 1
12 0 178 1
34 1 178 1
43 50 178 1
45 2 178 1
47 49 178 1
49 47 178 1
50 43 178 1
63 79 178 1
79 63 178 1
4 92 179 1
44 50 179 1
50 44 179 1
83 94 179 1
92 4 179 1
94 83 179 1
0 9 180 1
1 34 180 1
6 16 180 1
8 21 180 1
9 0 180 1
16 6 180 1
21 8 180 1
34 1 180 1
43 49 179 2
44 47 180 1
47 44 180 1
49 43 179 2
3 67 181 1
18 23 181 1
23 18 181 1
67 3 181 1
83 84 181 1
84 83 181 1
2 48 182 1
4 92 181 2
26 28 182 1
28 26 182 1
35 42 182 1
42 35 182 1
48 2 182 1
92 4 181 2
0 16 183 1
16 0 183 1
64 67 183 1
67 64 183 1
0 12 184 1
1 38 184 1
2 47 184 1
3 64 183 2
12 0 184 1
38 1 184 1
43 57 184 1
47 2 184 1
57 43 184 1
62 79 184 1
64 3 183 2
79 62 184 1
0 14 185 1
4 88 183 3
14 0 185 1
26 34 185 1
34 26 185 1
88 4 183 3
4 98 186 1
45 57 186 1
57 45 186 1
98 4 186 1
12 21 187 1
21 12 187 1
83 86 187 1
86 83 187 1
0 12 188 1
1 34 188 1
2 44 188 1
3 78 188 1
12 0 188 1
34 1 188 1
44 2 188 1
78 3 188 1
0 9 189 1
9 0 189 1
63 67 189 1
66 74 189 1
67 63 189 1
74 66 189 1
93 97 189 1
97 93 189 1
0 12 190 1
3 67 190 1
4 93 190 1
12 0 190 1
18 22 190 1
22 18 190 1
63 74 190 1
66 71 190 1
67 3 190 1
71 66 190 1
74 63 190 1
93 4 190 1
2 49 191 1
8 9 190 2
9 8 190 2
49 2 191 1
81 82 191 1
82 81 191 1
0 21 192 1
2 60 192 1
3 67 192 1
21 0 192 1
60 2 192 1
67 3 192 1
82 93 192 1
93 82 192 1
2 49 193 1
3 66 193 1
4 86 192 2
43 48 193 1
48 43 193 1
49 2 193 1
66 3 193 1
86 4 192 2
1 35 194 1
3 67 194 1
35 1 194 1
67 3 194 1
1 38 195 1
38 1 195 1
45 48 195 1
48 45 195 1
64 75 195 1
75 64 195 1
82 85 195 1
85 82 195 1
2 57 194 3
47 50 196 1
50 47 196 1
50 57 196 1
57 2 194 3
57 50 196 1
82 92 196 1
92 82 196 1
43 52 197 1
52 43 197 1
62 68 197 1
68 62 197 1
3 76 198 1
26 32 197 2
32 26 197 2
47 50 198 1
50 47 198 1
76 3 198 1
2 49 198 2
4 92 199 1
7 9 199 1
7 11 199 1
9 7 199 1
9 11 199 1
11 7 199 1
11 9 199 1
49 2 198 2
62 66 199 1
66 62 199 1
92 4 199 1
0 8 200 1
0 12 200 1
1 27 200 1
2 60 200 1
8 0 200 1
8 12 200 1
12 0 200 1
12 8 200 1
26 28 200 1
27 1 200 1
27 34 200 1
28 26 200 1
34 27 200 1
60 2 200 1
67 76 200 1
76 67 200 1
81 92 200 1
92 81 200 1
1 39 201 1
3 67 201 1
3 75 200 2
39 1 201 1
43 45 201 1
45 43 201 1
67 3 201 1
75 3 200 2
0 15 202 1
15 0 202 1
24 32 202 1
32 24 202 1
62 76 202 1
76 62 202 1
0 8 203 1
1 39 203 1
8 0 203 1
39 1 203 1
43 60 203 1
60 43 203 1
82 90 203 1
90 82 203 1
64 77 204 1
77 64 204 1
82 84 204 1
84 82 204 1
0 8 205 1
3 68 205 1
4 93 205 1
8 0 205 1
68 3 205 1
93 4 205 1
2 49 205 2
7 22 206 1
22 7 206 1
45 60 206 1
48 58 206 1
49 2 205 2
58 48 206 1
60 45 206 1
62 66 206 1
66 62 206 1
84 92 206 1
92 84 206 1
2 50 207 1
3 64 206 2
3 68 207 1
4 86 207 1
9 13 207 1
13 9 207 1
24 41 207 1
41 24 207 1
50 2 207 1
64 3 206 2
68 3 207 1
81 93 207 1
86 4 207 1
93 81 207 1
0 21 208 1
1 28 208 1
2 58 208 1
21 0 208 1
28 1 208 1
48 50 208 1
50 48 208 1
58 2 208 1
85 93 208 1
93 85 208 1
27 30 209 1
30 27 209 1
64 67 209 1
67 64 209 1
1 36 210 1
3 68 210 1
36 1 210 1
47 49 210 1
48 50 210 1
49 47 210 1
50 48 210 1
67 77 210 1
68 3 210 1
77 67 210 1
0 22 211 1
2 43 211 1
22 0 211 1
43 2 211 1
62 77 211 1
66 77 211 1
77 62 211 1
77 66 211 1
1 33 212 1
2 55 212 1
3 68 212 1
32 41 212 1
33 1 212 1
41 32 212 1
55 2 212 1
68 3 212 1
0 12 213 1
3 76 213 1
4 94 211 3
9 13 213 1
12 0 213 1
13 9 213 1
74 77 213 1
76 3 213 1
77 74 213 1
94 4 211 3
2 47 214 1
28 32 214 1
32 28 214 1
47 2 214 1
0 9 215 1
9 0 215 1
87 94 215 1
94 87 215 1
3 73 216 1
4 85 216 1
8 9 216 1
9 8 216 1
26 32 216 1
32 26 216 1
73 3 216 1
85 4 216 1
0 11 217 1
1 36 217 1
2 50 216 2
4 92 217 1
11 0 217 1
28 37 217 1
36 1 217 1
37 28 217 1
50 2 216 2
54 58 217 1
58 54 217 1
81 93 217 1
92 4 217 1
93 81 217 1
0 16 218 1
1 34 218 1
2 45 218 1
16 0 218 1
34 1 218 1
45 2 218 1
85 95 218 1
95 85 218 1
2 49 219 1
44 45 219 1
44 47 219 1
45 44 219 1
45 47 219 1
47 44 219 1
47 45 219 1
49 2 219 1
66 74 219 1
74 66 219 1
87 95 219 1
88 92 219 1
92 88 219 1
95 87 219 1
0 14 220 1
4 92 220 1
8 15 220 1
14 0 220 1
15 8 220 1
24 28 220 1
28 24 220 1
45 55 220 1
55 45 220 1
65 74 220 1
74 65 220 1
92 4 220 1
1 37 221 1
37 1 221 1
64 73 221 1
66 76 221 1
73 64 221 1
76 66 221 1
1 41 222 1
6 15 222 1
11 20 222 1
15 6 222 1
20 11 222 1
41 1 222 1
85 90 222 1
90 85 222 1
43 55 223 1
55 43 223 1
0 22 224 1
2 60 224 1
9 10 224 1
10 9 224 1
22 0 224 1
60 2 224 1
81 90 224 1
90 81 224 1
0 18 225 1
18 0 225 1
45 55 225 1
55 45 225 1
0 10 226 1
3 71 226 1
4 81 226 1
4 85 226 1
10 0 226 1
43 60 226 1
60 43 226 1
71 3 226 1
71 76 226 1
76 71 226 1
81 4 226 1
81 85 226 1
85 4 226 1
85 81 226 1
1 30 227 1
3 76 226 2
5 11 227 1
11 5 227 1
30 1 227 1
76 3 226 2
2 55 228 1
3 77 228 1
4 94 228 1
9 10 228 1
10 9 228 1
44 60 228 1
55 2 228 1
60 44 228 1
77 3 228 1
94 4 228 1
4 90 229 1
48 55 229 1
55 48 229 1
90 4 229 1
1 41 230 1
3 68 230 1
27 34 230 1
34 27 230 1
41 1 230 1
44 48 230 1
48 44 230 1
66 67 230 1
67 66 230 1
68 3 230 1
0 9 230 2
2 48 231 1
2 53 229 3
3 76 231 1
9 0 230 2
48 2 231 1
48 53 231 1
53 2 229 3
53 48 231 1
72 77 231 1
76 3 231 1
77 72 231 1
81 87 231 1
87 81 231 1
0 12 232 1
4 86 232 1
11 18 232 1
12 0 232 1
15 18 232 1
18 11 232 1
18 15 232 1
62 68 232 1
64 76 232 1
68 62 232 1
76 64 232 1
86 4 232 1
1 37 231 3
2 60 233 1
3 65 233 1
5 18 233 1
18 5 233 1
37 1 231 3
60 2 233 1
62 80 233 1
65 3 233 1
80 62 233 1
2 52 234 1
13 15 234 1
15 13 234 1
43 47 234 1
47 43 234 1
52 2 234 1
1 36 235 1
4 84 235 1
11 13 235 1
13 11 235 1
28 40 235 1
36 1 235 1
40 28 235 1
44 52 235 1
52 44 235 1
84 4 235 1
0 9 235 2
2 50 236 1
3 66 236 1
9 0 235 2
25 36 236 1
36 25 236 1
50 2 236 1
66 3 236 1
0 20 237 1
3 76 237 1
14 18 237 1
18 14 237 1
20 0 237 1
27 40 237 1
40 27 237 1
47 54 237 1
54 47 237 1
66 80 237 1
76 3 237 1
80 66 237 1
3 64 238 1
4 88 238 1
50 56 238 1
51 52 238 1
51 54 238 1
52 51 238 1
52 54 238 1
54 51 238 1
54 52 238 1
56 50 238 1
64 3 238 1
88 4 238 1
1 26 239 1
4 93 239 1
9 20 239 1
20 9 239 1
25 37 239 1
26 1 239 1
37 25 239 1
47 56 239 1
56 47 239 1
62 66 239 1
64 68 239 1
66 62 239 1
68 64 239 1
93 4 239 1
0 20 240 1
2 49 240 1
4 83 240 1
6 9 240 1
7 12 240 1
9 6 240 1
12 7 240 1
20 0 240 1
49 2 240 1
83 4 240 1
84 88 240 1
88 84 240 1
0 8 241 1
3 64 241 1
4 91 241 1
8 0 241 1
64 3 241 1
81 87 241 1
87 81 241 1
91 4 241 1
1 32 240 3
2 50 242 1
2 58 241 2
3 80 242 1
4 93 242 1
14 20 242 1
20 14 242 1
24 34 242 1
32 1 240 3
34 24 242 1
50 2 242 1
58 2 241 2
62 72 242 1
72 62 242 1
80 3 242 1
89 97 242 1
93 4 242 1
97 89 242 1
3 69 243 1
8 9 243 1
9 8 243 1
69 3 243 1
85 89 243 1
86 97 243 1
88 91 243 1
89 85 243 1
91 88 243 1
97 86 243 1
2 50 244 1
4 87 244 1
7 16 244 1
16 7 244 1
50 2 244 1
87 4 244 1
89 93 244 1
93 89 244 1
5 7 245 1
7 5 245 1
24 27 245 1
27 24 245 1
27 30 245 1
29 32 245 1
30 27 245 1
32 29 245 1
87 97 245 1
97 87 245 1
1 37 246 1
2 47 246 1
3 67 246 1
3 68 246 1
4 83 246 1
5 8 246 1
5 9 246 1
8 5 246 1
8 9 246 1
9 5 246 1
9 8 246 1
37 1 246 1
47 2 246 1
62 64 246 1
64 62 246 1
64 69 246 1
67 3 246 1
67 68 246 1
68 3 246 1
68 67 246 1
69 64 246 1
83 4 246 1
2 49 247 1
47 50 247 1
49 2 247 1
50 47 247 1
81 91 247 1
91 81 247 1
0 8 248 1
5 13 248 1
7 9 248 1
8 0 248 1
9 7 248 1
13 5 248 1
44 47 248 1
47 44 248 1
0 18 249 1
1 25 249 1
1 37 249 1
4 97 249 1
18 0 249 1
25 1 249 1
37 1 249 1
44 58 249 1
58 44 249 1
62 64 249 1
64 62 249 1
97 4 249 1
0 11 250 1
3 66 248 3
4 83 249 2
6 13 250 1
11 0 250 1
13 6 250 1
62 69 250 1
66 3 248 3
69 62 250 1
83 4 249 2
3 69 251 1
4 85 251 1
43 49 251 1
49 43 251 1
69 3 251 1
85 4 251 1
1 32 252 1
2 61 252 1
3 76 252 1
4 83 252 1
25 29 252 1
29 25 252 1
32 1 252 1
61 2 252 1
76 3 252 1
83 4 252 1
0 12 253 1
12 0 253 1
47 54 253 1
54 47 253 1
62 72 253 1
72 62 253 1
2 47 254 1
2 61 254 1
4 81 254 1
4 85 254 1
47 2 254 1
47 61 254 1
49 54 254 1
54 49 254 1
61 2 254 1
61 47 254 1
69 75 254 1
75 69 254 1
81 4 254 1
81 85 254 1
85 4 254 1
85 81 254 1
3 71 255 1
30 36 255 1
36 30 255 1
71 3 255 1
0 11 256 1
1 37 256 1
11 0 256 1
37 1 256 1
67 75 256 1
75 67 256 1
2 46 257 1
3 71 257 1
3 72 257 1
4 86 257 1
6 18 257 1
18 6 257 1
46 2 257 1
46 47 257 1
47 46 257 1
71 3 257 1
71 72 256 2
72 3 257 1
72 71 256 2
86 4 257 1
0 11 258 1
2 61 258 1
3 74 258 1
4 82 258 1
11 0 258 1
24 32 258 1
32 24 258 1
47 61 257 2
61 2 258 1
61 47 257 2
74 3 258 1
82 4 258 1
82 83 258 1
83 82 258 1
2 47 257 3
7 18 259 1
18 7 259 1
47 2 257 3
64 76 259 1
76 64 259 1
81 83 259 1
83 81 259 1
2 61 260 1
3 62 260 1
4 93 260 1
61 2 260 1
62 3 260 1
69 75 260 1
75 69 260 1
85 93 260 1
93 4 260 1
93 85 260 1
1 26 260 2
4 81 261 1
4 84 261 1
4 85 260 2
26 1 260 2
62 68 261 1
68 62 261 1
81 4 261 1
81 84 261 1
81 85 261 1
84 4 261 1
84 81 261 1
84 85 261 1
85 4 260 2
85 81 261 1
85 84 261 1
0 20 262 1
1 29 262 1
1 32 261 2
2 50 262 1
3 62 262 1
3 76 262 1
20 0 262 1
29 1 262 1
29 32 262 1
32 1 261 2
32 29 262 1
50 2 262 1
62 3 262 1
62 76 262 1
76 3 262 1
76 62 262 1
0 14 263 1
2 47 263 1
4 83 263 1
14 0 263 1
25 39 263 1
36 40 263 1
39 25 263 1
40 36 263 1
47 2 263 1
62 68 263 1
68 62 263 1
83 4 263 1
83 86 263 1
86 83 263 1
3 68 264 1
43 59 264 1
59 43 264 1
62 76 264 1
68 3 264 1
76 62 264 1
1 32 265 1
32 1 265 1
68 79 265 1
79 68 265 1
0 9 266 1
2 43 266 1
2 55 266 1
9 0 266 1
43 2 266 1
43 55 266 1
55 2 266 1
55 43 266 1
55 60 266 1
60 55 266 1
66 68 266 1
68 66 266 1
85 91 266 1
91 85 266 1
0 15 267 1
1 32 267 1
2 47 267 1
8 12 267 1
9 18 267 1
12 8 267 1
15 0 267 1
18 9 267 1
32 1 267 1
47 2 267 1
62 80 267 1
80 62 267 1
0 9 268 1
3 68 268 1
7 18 268 1
9 0 268 1
18 7 268 1
43 47 268 1
47 43 268 1
62 71 268 1
68 3 268 1
68 80 268 1
71 62 268 1
80 68 268 1
1 32 269 1
3 80 268 2
4 87 269 1
25 27 269 1
27 25 269 1
32 1 269 1
80 3 268 2
84 94 269 1
87 4 269 1
94 84 269 1
0 9 270 1
2 55 270 1
3 66 270 1
4 83 270 1
9 0 270 1
9 14 270 1
14 9 270 1
55 2 270 1
66 3 270 1
66 77 270 1
77 66 270 1
83 4 270 1
1 32 271 1
3 77 271 1
4 96 270 2
32 1 271 1
68 80 271 1
77 3 271 1
80 68 271 1
96 4 270 2
0 13 271 2
13 0 271 2
25 38 272 1
38 25 272 1
46 60 272 1
60 46 272 1
84 97 272 1
88 89 272 1
89 88 272 1
97 84 272 1
62 77 273 1
77 62 273 1
91 93 273 1
93 91 273 1
2 46 274 1
2 50 274 1
9 18 274 1
18 9 274 1
24 40 274 1
40 24 274 1
46 2 274 1
46 50 274 1
47 49 274 1
49 47 274 1
50 2 274 1
50 46 274 1
89 96 274 1
96 89 274 1
2 56 275 1
7 9 275 1
9 7 275 1
11 13 275 1
13 11 275 1
56 2 275 1
1 38 276 1
4 88 275 2
5 15 276 1
15 5 276 1
24 40 276 1
38 1 276 1
40 24 276 1
46 49 276 1
49 46 276 1
69 70 276 1
70 69 276 1
88 4 275 2
4 93 277 1
4 97 277 1
5 7 277 1
7 5 277 1
62 77 277 1
77 62 277 1
93 4 277 1
93 97 277 1
97 4 277 1
97 93 277 1
2 54 278 1
24 27 278 1
24 40 278 1
27 24 278 1
27 40 278 1
40 24 278 1
40 27 278 1
54 2 278 1
1 32 279 1
9 13 279 1
13 9 279 1
32 1 279 1
45 47 279 1
47 45 279 1
96 97 279 1
97 96 279 1
2 51 280 1
3 65 280 1
4 83 280 1
4 89 279 2
12 16 280 1
16 12 280 1
32 38 280 1
38 32 280 1
51 2 280 1
65 3 280 1
83 4 280 1
83 89 280 1
84 95 280 1
89 4 279 2
89 83 280 1
95 84 280 1
0 9 281 1
4 87 281 1
4 97 281 1
5 13 281 1
9 0 281 1
13 5 281 1
45 59 281 1
59 45 281 1
87 4 281 1
87 97 281 1
97 4 281 1
97 87 281 1
1 25 282 1
2 51 282 1
4 96 282 1
25 1 282 1
27 38 282 1
38 27 282 1
51 2 282 1
52 61 282 1
61 52 282 1
84 89 282 1
89 84 282 1
96 4 282 1
3 70 283 1
47 50 283 1
50 47 283 1
70 3 283 1
1 38 284 1
2 48 284 1
38 1 284 1
48 2 284 1
84 88 284 1
88 84 284 1
89 97 284 1
97 89 284 1
0 7 285 1
1 25 285 1
4 96 285 1
7 0 285 1
25 1 285 1
45 50 284 2
50 45 284 2
96 4 285 1
3 68 286 1
3 69 285 2
24 29 285 2
24 39 286 1
29 24 285 2
29 39 285 2
39 24 286 1
39 29 285 2
46 59 286 1
59 46 286 1
68 3 286 1
68 69 286 1
69 3 285 2
69 68 286 1
0 13 287 1
1 25 287 1
3 77 287 1
13 0 287 1
25 1 287 1
27 29 287 1
29 27 287 1
77 3 287 1
0 14 288 1
1 29 288 1
1 39 288 1
14 0 288 1
28 38 288 1
29 1 288 1
29 39 288 1
38 28 288 1
39 1 288 1
39 29 288 1
3 76 288 2
4 87 289 1
4 89 289 1
76 3 288 2
84 85 289 1
85 84 289 1
87 4 289 1
87 89 289 1
89 4 289 1
89 87 289 1
2 47 290 1
2 51 289 2
7 13 290 1
13 7 290 1
14 16 290 1
16 14 290 1
28 37 290 1
37 28 290 1
47 2 290 1
47 51 290 1
51 2 289 2
51 47 290 1
0 13 291 1
13 0 291 1
29 31 291 1
31 29 291 1
44 48 291 1
48 44 291 1
62 76 291 1
64 66 291 1
66 64 291 1
76 62 291 1
2 53 292 1
3 63 292 1
4 96 292 1
53 2 292 1
63 3 292 1
87 89 292 1
89 87 292 1
96 4 292 1
2 47 293 1
7 18 293 1
18 7 293 1
47 2 293 1
0 9 293 2
0 16 294 1
1 29 294 1
2 55 294 1
3 62 294 1
4 84 294 1
5 13 294 1
9 0 293 2
13 5 294 1
16 0 294 1
29 1 294 1
45 51 294 1
51 45 294 1
55 2 294 1
62 3 294 1
84 4 294 1
84 89 294 1
89 84 294 1
0 18 295 1
1 37 295 1
3 66 295 1
18 0 295 1
37 1 295 1
44 45 295 1
45 44 295 1
66 3 295 1
0 9 296 1
0 14 296 1
4 89 294 3
9 0 296 1
14 0 296 1
64 77 296 1
77 64 296 1
88 95 296 1
89 4 294 3
95 88 296 1
24 28 297 1
28 24 297 1
45 51 297 1
51 45 297 1
87 89 297 1
89 87 297 1
0 8 298 1
2 46 298 1
3 80 298 1
8 0 298 1
24 39 298 1
39 24 298 1
46 2 298 1
47 55 298 1
55 47 298 1
80 3 298 1
0 12 299 1
1 37 299 1
2 47 298 2
2 51 299 1
4 91 299 1
12 0 299 1
37 1 299 1
47 2 298 2
47 51 299 1
51 2 299 1
51 47 299 1
88 95 298 2
91 4 299 1
95 88 298 2
1 30 300 1
2 54 300 1
27 37 300 1
30 1 300 1
37 27 300 1
54 2 300 1
9 18 301 1
18 9 301 1
44 47 301 1
47 44 301 1
85 96 301 1
96 85 301 1
1 39 302 1
2 55 302 1
4 90 301 2
4 99 302 1
39 1 302 1
49 57 301 2
55 2 302 1
57 49 301 2
90 4 301 2
90 99 302 1
99 4 302 1
99 90 302 1
3 74 302 2
47 53 302 2
53 47 302 2
74 3 302 2
0 15 302 3
3 70 304 1
15 0 302 3
45 57 304 1
52 54 304 1
54 52 304 1
57 45 304 1
70 3 304 1
90 99 304 1
99 90 304 1
3 74 305 1
4 89 305 1
5 8 305 1
5 14 305 1
8 5 305 1
8 14 305 1
14 5 305 1
14 8 305 1
69 74 305 1
74 3 305 1
74 69 305 1
89 4 305 1
4 94 306 1
94 4 306 1
25 30 307 1
30 25 307 1
46 51 307 1
51 46 307 1
0 13 308 1
1 31 308 1
4 94 308 1
5 15 308 1
13 0 308 1
15 5 308 1
31 1 308 1
85 96 308 1
94 4 308 1
96 85 308 1
3 63 309 1
3 65 309 1
24 37 309 1
37 24 309 1
48 53 309 1
53 48 309 1
63 3 309 1
63 65 309 1
65 3 309 1
65 63 309 1
84 94 309 1
94 84 309 1
1 31 310 1
2 46 310 1
25 33 310 1
31 1 310 1
33 25 310 1
46 2 310 1
48 57 310 1
57 48 310 1
5 7 311 1
7 5 311 1
27 31 311 1
27 33 311 1
31 27 311 1
33 27 311 1
64 74 311 1
74 64 311 1
1 27 312 1
1 32 312 1
2 51 311 2
27 1 312 1
27 32 312 1
32 1 312 1
32 27 312 1
51 2 311 2
65 70 312 1
70 65 312 1
0 12 310 4
3 78 313 1
12 0 310 4
24 37 313 1
37 24 313 1
70 78 313 1
78 3 313 1
78 70 313 1
8 12 314 1
10 15 314 1
12 8 314 1
15 10 314 1
28 32 314 1
32 28 314 1
44 45 314 1
45 44 314 1
63 78 314 1
78 63 314 1
91 97 314 1
97 91 314 1
1 33 315 1
4 87 315 1
4 93 315 1
25 37 315 1
33 1 315 1
37 25 315 1
70 74 315 1
74 70 315 1
87 4 315 1
87 93 315 1
93 4 315 1
93 87 315 1
2 53 316 1
9 16 316 1
16 9 316 1
45 54 316 1
53 2 316 1
54 45 316 1
1 33 317 1
3 77 316 2
4 93 317 1
14 15 317 1
15 14 317 1
27 33 317 1
32 41 317 1
33 1 317 1
33 27 317 1
41 32 317 1
77 3 316 2
85 97 317 1
93 4 317 1
97 85 317 1
1 27 317 2
1 35 318 1
3 70 318 1
5 13 317 2
13 5 317 2
27 1 317 2
27 35 318 1
35 1 318 1
35 27 318 1
48 51 318 1
51 48 318 1
70 3 318 1
85 96 318 1
87 93 318 1
93 87 318 1
96 85 318 1
3 66 319 1
32 35 319 1
34 36 319 1
35 32 319 1
36 34 319 1
51 55 319 1
55 51 319 1
66 3 319 1
70 77 319 1
77 70 319 1
84 97 318 2
97 84 318 2
0 10 320 1
1 35 320 1
2 54 320 1
5 9 320 1
9 5 320 1
10 0 320 1
35 1 320 1
47 54 320 1
54 2 320 1
54 47 320 1
3 74 321 1
7 16 321 1
16 7 321 1
32 35 321 1
35 32 321 1
44 56 321 1
56 44 321 1
74 3 321 1
1 33 322 1
2 44 322 1
3 77 322 1
29 41 322 1
30 35 322 1
33 1 322 1
35 30 322 1
41 29 322 1
44 2 322 1
77 3 322 1
85 87 322 1
87 85 322 1
1 32 323 1
32 1 323 1
45 54 323 1
54 45 323 1
0 15 324 1
1 36 324 1
15 0 324 1
31 32 324 1
32 31 324 1
36 1 324 1
44 51 324 1
51 44 324 1
84 94 325 1
85 93 325 1
91 95 325 1
93 85 325 1
93 95 325 1
94 84 325 1
95 91 325 1
95 93 325 1
1 36 326 1
10 14 326 1
14 10 326 1
36 1 326 1
48 54 326 1
51 52 326 1
52 51 326 1
54 48 326 1
0 20 327 1
2 51 327 1
3 70 327 1
4 87 327 1
11 19 327 1
19 11 327 1
20 0 327 1
51 2 327 1
70 3 327 1
81 95 327 1
87 4 327 1
91 95 327 1
95 81 327 1
95 91 327 1
1 38 328 1
3 76 328 1
34 42 328 1
38 1 328 1
42 34 328 1
76 3 328 1
0 23 328 2
23 0 328 2
67 77 329 1
77 67 329 1
1 35 330 1
2 52 330 1
4 91 329 2
35 1 330 1
47 51 330 1
51 47 330 1
52 2 330 1
91 4 329 2
1 27 331 1
10 20 331 1
20 10 331 1
27 1 331 1
27 42 331 1
42 27 331 1
62 67 331 1
67 62 331 1
82 94 331 1
94 82 331 1
0 20 332 1
4 82 332 1
20 0 332 1
27 34 332 1
34 27 332 1
82 4 332 1
91 93 332 1
93 91 332 1
3 67 333 1
63 72 333 1
67 3 333 1
72 63 333 1
1 31 332 3
11 13 334 1
13 11 334 1
31 1 332 3
81 93 334 1
93 81 334 1
1 35 335 1
1 42 335 1
3 76 334 2
35 1 335 1
42 1 335 1
47 52 334 2
52 47 334 2
76 3 334 2
0 22 336 1
2 54 336 1
4 93 335 2
12 21 335 2
21 12 335 2
22 0 336 1
54 2 336 1
63 72 336 1
72 63 336 1
93 4 335 2
1 31 337 1
3 77 337 1
4 94 337 1
11 16 337 1
16 11 337 1
29 30 337 1
30 29 337 1
31 1 337 1
47 58 337 1
58 47 337 1
77 3 337 1
87 94 337 1
94 4 337 1
94 87 337 1
2 50 338 1
3 64 338 1
4 82 338 1
30 34 338 1
34 30 338 1
45 59 338 1
50 2 338 1
59 45 338 1
64 3 338 1
82 4 338 1
88 94 338 1
94 88 338 1
0 14 338 2
1 31 339 1
3 77 339 1
6 22 339 1
14 0 338 2
22 6 339 1
28 35 339 1
31 1 339 1
35 28 339 1
45 48 339 1
48 45 339 1
77 3 339 1
85 93 339 1
93 85 339 1
0 16 340 1
2 48 340 1
2 50 340 1
16 0 340 1
28 31 340 1
31 28 340 1
46 59 340 1
48 2 340 1
48 50 340 1
50 2 340 1
50 48 340 1
59 46 340 1
62 72 340 1
72 62 340 1
81 82 340 1
82 81 340 1
1 34 341 1
4 91 339 3
34 1 341 1
48 55 341 1
55 48 341 1
62 77 341 1
77 62 341 1
82 86 341 1
84 93 341 1
86 82 341 1
91 4 339 3
93 84 341 1
1 31 342 1
3 63 342 1
3 66 342 1
31 1 342 1
63 3 342 1
66 3 342 1
1 38 343 1
31 41 343 1
38 1 343 1
41 31 343 1
63 66 342 2
64 70 343 1
66 63 342 2
70 64 343 1
0 10 344 1
0 13 344 1
2 59 344 1
10 0 344 1
10 13 344 1
13 0 344 1
13 10 344 1
18 22 344 1
22 18 344 1
29 38 344 1
38 29 344 1
47 52 344 1
52 47 344 1
59 2 344 1
1 35 345 1
6 22 345 1
22 6 345 1
35 1 345 1
54 59 345 1
59 54 345 1
83 86 345 1
86 83 345 1
2 47 346 1
28 38 346 1
38 28 346 1
46 48 346 1
47 2 346 1
48 46 346 1
2 45 347 1
2 56 347 1
4 86 347 1
4 88 346 2
45 2 347 1
56 2 347 1
64 70 347 1
70 64 347 1
86 4 347 1
86 88 347 1
88 4 346 2
88 86 347 1
1 30 348 1
2 59 348 1
10 13 348 1
13 10 348 1
30 1 348 1
47 56 348 1
56 47 348 1
59 2 348 1
62 70 348 1
70 62 348 1
81 91 348 1
82 93 348 1
91 81 348 1
93 82 348 1
3 66 347 3
3 70 349 1
4 86 349 1
63 71 349 1
66 3 347 3
66 70 349 1
70 3 349 1
70 66 349 1
71 63 349 1
82 94 349 1
85 91 349 1
86 4 349 1
91 85 349 1
94 82 349 1
2 56 350 1
6 10 350 1
10 6 350 1
13 18 350 1
18 13 350 1
56 2 350 1
67 74 350 1
74 67 350 1
2 58 351 1
45 56 351 1
56 45 351 1
58 2 351 1
82 85 351 1
85 82 351 1
1 36 352 1
3 66 352 1
3 74 352 1
6 16 352 1
16 6 352 1
36 1 352 1
66 3 352 1
74 3 352 1
7 10 353 1
10 7 353 1
43 54 353 1
54 43 353 1
63 71 353 1
71 63 353 1
0 12 354 1
3 74 354 1
4 86 354 1
6 14 354 1
12 0 354 1
14 6 354 1
29 36 354 1
30 38 354 1
36 29 354 1
38 30 354 1
74 3 354 1
85 94 354 1
86 4 354 1
94 85 354 1
0 17 355 1
1 35 355 1
1 38 355 1
4 91 355 1
7 16 355 1
16 7 355 1
17 0 355 1
35 1 355 1
38 1 355 1
67 72 355 1
72 67 355 1
81 94 355 1
91 4 355 1
94 81 355 1
2 58 354 3
4 86 356 1
6 12 356 1
12 6 356 1
30 35 356 1
35 30 356 1
58 2 354 3
83 91 356 1
86 4 356 1
91 83 356 1
0 15 356 2
15 0 356 2
81 91 357 1
91 81 357 1
0 19 358 1
2 59 358 1
4 85 358 1
6 12 358 1
12 6 358 1
19 0 358 1
29 34 358 1
34 29 358 1
59 2 358 1
84 88 358 1
85 4 358 1
88 84 358 1
0 17 359 1
1 34 359 1
6 14 359 1
14 6 359 1
17 0 359 1
34 1 359 1
4 88 360 1
11 17 360 1
17 11 360 1
44 56 360 1
46 59 360 1
56 44 360 1
59 46 360 1
88 4 360 1
2 52 361 1
3 66 360 2
26 33 361 1
33 26 361 1
52 2 361 1
66 3 360 2
66 79 361 1
79 66 361 1
81 91 361 1
91 81 361 1
0 15 362 1
3 77 362 1
4 88 362 1
6 17 362 1
15 0 362 1
17 6 362 1
77 3 362 1
84 93 362 1
88 4 362 1
93 84 362 1
0 14 363 1
6 18 363 1
14 0 363 1
18 6 363 1
34 41 363 1
41 34 363 1
2 52 364 1
28 33 364 1
29 34 364 1
33 28 364 1
34 29 364 1
52 2 364 1
0 7 364 2
1 35 365 1
7 0 364 2
7 13 365 1
13 7 365 1
35 1 365 1
2 56 365 2
28 34 366 1
34 28 366 1
56 2 365 2
0 13 365 3
1 26 367 1
3 72 366 2
4 83 367 1
4 95 367 1
10 15 367 1
13 0 365 3
15 10 367 1
26 1 367 1
26 35 367 1
35 26 367 1
72 3 366 2
83 4 367 1
83 95 367 1
95 4 367 1
95 83 367 1
1 35 368 1
4 94 368 1
26 37 368 1
34 41 368 1
35 1 368 1
37 26 368 1
41 34 368 1
94 4 368 1
13 19 369 1
15 17 369 1
17 15 369 1
19 13 369 1
25 26 369 1
26 25 369 1
28 38 369 1
38 28 369 1
0 17 370 1
1 38 370 1
2 45 370 1
3 74 370 1
6 21 370 1
17 0 370 1
21 6 370 1
30 36 369 2
36 30 369 2
38 1 370 1
45 2 370 1
74 3 370 1
2 56 371 1
3 66 371 1
6 17 371 1
17 6 371 1
56 2 371 1
66 3 371 1
0 14 371 2
0 21 372 1
2 45 372 1
4 92 372 1
4 94 372 1
10 15 372 1
10 17 372 1
14 0 371 2
14 21 372 1
15 10 372 1
15 17 372 1
17 10 372 1
17 15 372 1
21 0 372 1
21 14 372 1
45 2 372 1
84 86 372 1
86 84 372 1
92 4 372 1
94 4 372 1
1 27 373 1
2 48 373 1
3 74 373 1
4 84 373 1
7 15 373 1
15 7 373 1
27 1 373 1
27 35 373 1
35 27 373 1
48 2 373 1
63 72 373 1
63 74 373 1
64 73 373 1
72 63 373 1
73 64 373 1
74 3 373 1
74 63 373 1
81 94 373 1
82 86 373 1
84 4 373 1
86 82 373 1
94 81 373 1
0 10 374 1
0 21 374 1
3 63 374 1
4 95 374 1
10 0 374 1
21 0 374 1
45 46 374 1
46 45 374 1
63 3 374 1
95 4 374 1
1 27 375 1
3 79 375 1
4 81 375 1
7 21 375 1
21 7 375 1
27 1 375 1
79 3 375 1
81 4 375 1
2 58 376 1
3 73 376 1
10 12 376 1
12 10 376 1
58 2 376 1
73 3 376 1
0 12 377 1
2 52 377 1
3 74 377 1
12 0 377 1
52 2 377 1
74 3 377 1
30 38 378 1
38 30 378 1
50 51 378 1
51 50 378 1
64 74 378 1
74 64 378 1
0 17 379 1
1 34 379 1
2 56 379 1
3 68 379 1
4 84 379 1
12 18 379 1
17 0 379 1
18 12 379 1
34 1 379 1
47 56 379 1
56 2 379 1
56 47 379 1
68 3 379 1
83 94 379 1
84 4 379 1
84 85 379 1
85 84 379 1
94 83 379 1
1 30 380 1
3 73 380 1
4 85 378 3
5 10 380 1
10 5 380 1
30 1 380 1
43 56 380 1
56 43 380 1
73 3 380 1
83 86 380 1
84 86 380 1
85 4 378 3
86 83 380 1
86 84 380 1
1 31 381 1
2 58 381 1
28 34 381 1
31 1 381 1
34 28 381 1
58 2 381 1
0 7 382 1
0 15 382 1
3 66 382 1
3 73 382 1
4 86 382 1
6 11 382 1
7 0 382 1
7 15 382 1
11 6 382 1
15 0 382 1
15 7 382 1
27 28 382 1
27 30 382 1
27 31 382 1
28 27 382 1
28 30 382 1
28 31 382 1
30 27 382 1
30 28 382 1
30 31 382 1
31 27 382 1
31 28 382 1
31 30 382 1
66 3 382 1
73 3 382 1
83 84 382 1
84 83 382 1
86 4 382 1
0 16 383 1
1 28 383 1
1 35 383 1
2 49 383 1
16 0 383 1
28 1 383 1
28 35 383 1
35 1 383 1
35 28 383 1
49 2 383 1
1 30 384 1
1 38 384 1
3 79 384 1
30 1 384 1
38 1 384 1
47 51 384 1
51 47 384 1
64 67 384 1
67 64 384 1
79 3 384 1
1 25 385 1
2 49 385 1
12 18 385 1
18 12 385 1
25 1 385 1
44 55 385 1
49 2 385 1
55 44 385 1
1 27 386 1
3 68 386 1
7 15 386 1
15 7 386 1
27 1 386 1
68 3 386 1
82 88 386 1
88 82 386 1
0 17 387 1
3 67 387 1
17 0 387 1
67 3 387 1
85 92 386 2
92 85 386 2
1 36 388 1
26 37 388 1
34 35 388 1
35 34 388 1
36 1 388 1
37 26 388 1
48 56 388 1
56 48 388 1
66 72 388 1
72 66 388 1
82 83 388 1
83 82 388 1
3 63 389 1
44 51 389 1
51 44 389 1
63 3 389 1
67 68 389 1
68 67 389 1
4 93 390 1
28 30 390 1
30 28 390 1
50 58 390 1
58 50 390 1
93 4 390 1
11 17 391 1
17 11 391 1
24 38 391 1
38 24 391 1
28 34 392 1
34 28 392 1
44 49 392 1
49 44 392 1
63 65 391 2
65 63 391 2
81 85 392 1
85 81 392 1
1 38 393 1
2 48 393 1
3 71 393 1
4 93 393 1
38 1 393 1
48 2 393 1
63 77 393 1
71 3 393 1
77 63 393 1
81 83 393 1
83 81 393 1
93 4 393 1
1 32 394 1
2 52 394 1
2 55 394 1
5 11 394 1
11 5 394 1
16 17 394 1
17 16 394 1
32 1 394 1
52 2 394 1
52 55 394 1
55 2 394 1
55 52 394 1
1 29 395 1
2 48 395 1
3 63 395 1
5 16 395 1
16 5 395 1
29 1 395 1
48 2 395 1
63 3 395 1
82 85 395 1
85 82 395 1
0 16 396 1
2 54 396 1
4 93 396 1
16 0 396 1
45 50 396 1
50 45 396 1
54 2 396 1
63 72 396 1
67 71 396 1
71 67 396 1
72 63 396 1
81 82 396 1
82 81 396 1
93 4 396 1
2 49 397 1
2 55 397 1
3 70 397 1
24 32 397 1
32 24 397 1
49 2 397 1
55 2 397 1
70 3 397 1
83 85 397 1
85 83 397 1
0 16 398 1
16 0 398 1
43 48 398 1
46 49 398 1
48 43 398 1
49 46 398 1
67 71 398 1
71 67 398 1
81 83 398 1
83 81 398 1
0 15 399 1
4 82 399 1
11 16 399 1
15 0 399 1
16 11 399 1
25 32 399 1
32 25 399 1
62 68 398 2
68 62 398 2
82 4 399 1
1 25 400 1
2 47 399 2
3 70 400 1
11 18 400 1
18 11 400 1
25 1 400 1
27 29 400 1
29 27 400 1
44 48 400 1
47 2 399 2
48 44 400 1
70 3 400 1
82 85 400 1
85 82 400 1
4 82 401 1
82 4 401 1
84 88 401 1
88 84 401 1
2 47 402 1
12 17 402 1
17 12 402 1
26 27 402 1
27 26 402 1
43 50 402 1
47 2 402 1
50 43 402 1
0 19 403 1
1 31 403 1
2 48 403 1
3 70 403 1
4 93 403 1
19 0 403 1
31 1 403 1
48 2 403 1
62 71 403 1
67 71 403 1
70 3 403 1
71 62 403 1
71 67 403 1
82 93 403 1
93 4 403 1
93 82 403 1
4 82 403 2
7 15 404 1
15 7 404 1
82 4 403 2
1 32 405 1
10 16 405 1
10 19 405 1
16 10 405 1
16 19 405 1
19 10 405 1
19 16 405 1
30 31 405 1
31 30 405 1
32 1 405 1
44 48 405 1
48 44 405 1
1 38 406 1
4 85 406 1
7 15 406 1
15 7 406 1
38 1 406 1
82 88 406 1
85 4 406 1
88 82 406 1
0 16 406 2
2 52 407 1
5 11 407 1
10 15 407 1
11 5 407 1
15 10 407 1
16 0 406 2
52 2 407 1
81 85 407 1
85 81 407 1
2 49 408 1
3 68 408 1
4 83 408 1
7 21 408 1
21 7 408 1
43 48 408 1
45 52 408 1
48 43 408 1
49 2 408 1
52 45 408 1
68 3 408 1
83 4 408 1
24 26 409 1
24 32 409 1
26 24 409 1
26 32 409 1
32 24 409 1
32 26 409 1
1 32 410 1
2 51 410 1
3 66 410 1
4 85 410 1
32 1 410 1
45 49 410 1
49 45 410 1
51 2 410 1
66 3 410 1
83 87 409 2
85 4 410 1
87 83 409 2
1 35 411 1
35 1 411 1
86 92 411 1
92 86 411 1
0 21 412 1
5 16 412 1
5 21 412 1
16 5 412 1
16 21 412 1
21 0 412 1
21 5 412 1
21 16 412 1
30 35 412 1
35 30 412 1
85 86 412 1
86 85 412 1
1 34 413 1
4 86 413 1
24 25 413 1
25 24 413 1
34 1 413 1
86 4 413 1
86 92 413 1
92 86 413 1
3 71 414 1
26 34 414 1
34 26 414 1
71 3 414 1
1 37 415 1
37 1 415 1
45 52 415 1
52 45 415 1
2 47 416 1
4 92 415 2
5 6 416 1
6 5 416 1
24 37 416 1
37 24 416 1
47 2 416 1
92 4 415 2
0 10 417 1
2 44 416 2
2 52 417 1
9 19 417 1
10 0 417 1
19 9 417 1
44 2 416 2
52 2 417 1
0 6 418 1
3 71 418 1
4 86 418 1
6 0 418 1
25 37 418 1
37 25 418 1
44 52 417 2
46 58 418 1
52 44 417 2
58 46 418 1
71 3 418 1
86 4 418 1
1 36 419 1
4 96 419 1
6 13 419 1
13 6 419 1
36 1 419 1
43 50 419 1
50 43 419 1
89 99 419 1
96 4 419 1
99 89 419 1
1 32 420 1
3 62 420 1
32 1 420 1
45 50 420 1
50 45 420 1
62 3 420 1
1 36 421 1
3 71 421 1
4 87 420 2
5 17 421 1
17 5 421 1
36 1 421 1
51 58 421 1
58 51 421 1
64 72 421 1
65 66 421 1
66 65 421 1
71 3 421 1
72 64 421 1
87 4 420 2
0 14 422 1
1 37 422 1
5 16 422 1
6 11 422 1
11 6 422 1
14 0 422 1
16 5 422 1
37 1 422 1
1 36 423 1
36 1 423 1
45 48 423 1
46 49 423 1
48 45 423 1
49 46 423 1
4 89 423 2
6 13 424 1
10 17 424 1
13 6 424 1
17 10 424 1
56 58 424 1
58 56 424 1
89 4 423 2
0 11 425 1
1 27 425 1
2 55 424 2
11 0 425 1
27 1 425 1
46 51 425 1
51 46 425 1
55 2 424 2
2 48 426 1
48 2 426 1
64 71 426 1
71 64 426 1
81 85 426 1
82 89 426 1
85 81 426 1
89 82 426 1
0 13 427 1
0 16 427 1
3 65 426 2
4 81 427 1
4 99 427 1
7 12 427 1
12 7 427 1
13 0 427 1
16 0 427 1
65 3 426 2
81 4 427 1
81 99 427 1
99 4 427 1
99 81 427 1
0 5 428 1
5 0 428 1
11 13 428 1
13 11 428 1
0 13 429 1
2 45 428 2
10 20 429 1
13 0 429 1
20 10 429 1
29 31 429 1
31 29 429 1
45 2 428 2
69 72 429 1
72 69 429 1
0 18 430 1
2 56 430 1
3 70 430 1
4 81 430 1
18 0 430 1
24 33 430 1
33 24 430 1
56 2 430 1
63 72 430 1
70 3 430 1
72 63 430 1
81 4 430 1
86 88 430 1
88 86 430 1
25 36 431 1
36 25 431 1
54 56 431 1
56 54 431 1
1 27 431 2
1 31 432 1
3 74 431 2
6 13 432 1
12 23 432 1
13 6 432 1
23 12 432 1
27 1 431 2
27 31 431 2
31 1 432 1
31 27 431 2
46 55 432 1
55 46 432 1
63 65 432 1
65 63 432 1
74 3 431 2
3 62 433 1
4 82 432 2
4 89 432 2
5 12 433 1
12 5 433 1
25 36 433 1
36 25 433 1
62 3 433 1
82 4 432 2
82 89 432 2
89 4 432 2
89 82 432 2
0 13 434 1
2 46 434 1
2 51 434 1
3 69 434 1
13 0 434 1
45 48 434 1
46 2 434 1
46 51 434 1
48 45 434 1
51 2 434 1
51 46 434 1
62 66 434 1
66 62 434 1
69 3 434 1
0 11 435 1
0 18 435 1
1 25 435 1
1 31 435 1
2 49 435 1
3 74 435 1
4 92 435 1
11 0 435 1
18 0 435 1
25 1 435 1
25 31 435 1
31 1 435 1
31 25 435 1
49 2 435 1
74 3 435 1
92 4 435 1
1 24 436 1
3 67 436 1
10 13 436 1
13 10 436 1
24 1 436 1
24 29 436 1
25 36 436 1
29 24 436 1
36 25 436 1
66 69 436 1
67 3 436 1
69 66 436 1
2 49 437 1
3 69 437 1
4 99 436 2
49 2 437 1
67 70 437 1
69 3 437 1
70 67 437 1
99 4 436 2
62 69 438 1
63 66 438 1
66 63 438 1
69 62 438 1
70 73 438 1
73 70 438 1
84 86 438 1
86 84 438 1
2 51 438 2
51 2 438 2
65 67 439 1
67 65 439 1
81 95 438 2
95 81 438 2
3 71 440 1
16 17 440 1
17 16 440 1
62 65 439 2
65 62 439 2
71 3 440 1
0 17 441 1
2 50 441 1
3 70 441 1
4 92 441 1
17 0 441 1
18 21 441 1
21 18 441 1
44 47 441 1
47 44 441 1
50 2 441 1
70 3 441 1
83 93 441 1
92 4 441 1
93 83 441 1
0 13 442 1
3 71 442 1
13 0 442 1
16 21 442 1
21 16 442 1
71 3 442 1
81 95 442 1
95 81 442 1
1 36 443 1
2 46 443 1
2 56 443 1
36 1 443 1
46 2 443 1
56 2 443 1
83 95 443 1
95 83 443 1
2 50 444 1
4 87 442 3
50 2 444 1
87 4 442 3
4 91 445 1
5 13 445 1
6 21 444 2
13 5 445 1
21 6 444 2
43 50 445 1
50 43 445 1
68 71 445 1
71 68 445 1
91 4 445 1
0 5 446 1
5 0 446 1
5 17 446 1
17 5 446 1
24 38 446 1
38 24 446 1
66 69 446 1
69 66 446 1
0 20 447 1
0 21 447 1
2 48 447 1
4 99 447 1
20 0 447 1
21 0 447 1
48 2 447 1
82 87 447 1
87 82 447 1
99 4 447 1
5 21 448 1
21 5 448 1
1 36 449 1
2 50 449 1
4 87 449 1
10 12 449 1
12 10 449 1
36 1 449 1
48 49 449 1
49 48 449 1
50 2 449 1
82 92 449 1
87 4 449 1
92 82 449 1
0 12 450 1
2 56 450 1
5 18 450 1
12 0 450 1
18 5 450 1
44 48 450 1
44 51 450 1
48 44 450 1
51 44 450 1
56 2 450 1
2 46 451 1
4 95 451 1
24 30 451 1
30 24 451 1
46 2 451 1
95 4 451 1
0 13 452 1
1 29 452 1
13 0 452 1
29 1 452 1
37 38 452 1
38 37 452 1
63 64 452 1
64 63 452 1
67 77 452 1
77 67 452 1
0 21 453 1
3 76 452 2
12 13 453 1
13 12 453 1
21 0 453 1
24 30 453 1
29 39 453 1
30 24 453 1
39 29 453 1
76 3 452 2
53 56 454 1
56 53 454 1
62 65 454 1
65 62 454 1
66 77 454 1
77 66 454 1
3 64 455 1
4 89 455 1
64 3 455 1
88 95 455 1
89 4 455 1
95 88 455 1
1 30 456 1
2 51 456 1
10 13 456 1
13 10 456 1
25 38 456 1
30 1 456 1
38 25 456 1
51 2 456 1
86 88 456 1
88 86 456 1
0 20 457 1
20 0 457 1
28 30 457 1
30 28 457 1
64 68 456 2
68 64 456 2
86 95 457 1
95 86 457 1
0 11 458 1
3 64 458 1
5 20 458 1
11 0 458 1
20 5 458 1
64 3 458 1
2 47 459 1
3 65 459 1
7 11 459 1
11 7 459 1
46 57 459 1
47 2 459 1
57 46 459 1
65 3 459 1
87 97 459 1
97 87 459 1
4 91 460 1
5 12 459 2
12 5 459 2
24 39 460 1
25 37 460 1
32 38 460 1
37 25 460 1
38 32 460 1
39 24 460 1
57 60 460 1
60 57 460 1
91 4 460 1
93 94 460 1
94 93 460 1
0 13 461 1
1 25 461 1
1 40 461 1
4 95 461 1
13 0 461 1
25 1 461 1
25 40 461 1
28 37 461 1
37 28 461 1
40 1 461 1
40 25 461 1
63 72 461 1
72 63 461 1
95 4 461 1
1 41 462 1
3 65 462 1
3 68 462 1
4 94 462 1
7 11 462 1
11 7 462 1
25 42 462 1
41 1 462 1
42 25 462 1
47 61 462 1
61 47 462 1
65 3 462 1
65 68 462 1
68 3 462 1
68 65 462 1
94 4 462 1
0 16 462 2
10 20 463 1
16 0 462 2
20 10 463 1
49 59 463 1
59 49 463 1
88 90 463 1
90 88 463 1
95 97 463 1
97 95 463 1
3 68 464 1
4 95 464 1
11 16 464 1
16 11 464 1
68 3 464 1
95 4 464 1
2 60 464 2
3 74 465 1
34 41 465 1
41 34 465 1
60 2 464 2
63 65 465 1
65 63 465 1
74 3 465 1
0 19 466 1
1 29 464 3
4 90 466 1
13 19 466 1
19 0 466 1
19 13 466 1
29 1 464 3
46 51 466 1
51 46 466 1
63 77 466 1
77 63 466 1
90 4 466 1
0 13 464 4
2 59 467 1
4 85 467 1
13 0 464 4
46 60 467 1
59 2 467 1
60 46 467 1
66 69 467 1
66 74 467 1
69 66 467 1
74 66 467 1
85 4 467 1
87 90 467 1
90 87 467 1
1 39 468 1
2 61 468 1
25 36 468 1
36 25 468 1
39 1 468 1
61 2 468 1
65 77 468 1
77 65 468 1
4 85 469 1
10 13 469 1
13 10 469 1
30 37 468 2
37 30 468 2
85 4 469 1
85 97 469 1
97 85 469 1
0 22 470 1
1 32 470 1
4 97 469 2
5 11 470 1
11 5 470 1
22 0 470 1
32 1 470 1
46 51 470 1
51 46 470 1
62 68 470 1
68 62 470 1
97 4 469 2
1 37 471 1
3 69 471 1
7 19 471 1
19 7 471 1
31 36 471 1
36 31 471 1
37 1 471 1
48 58 471 1
58 48 471 1
67 69 471 1
69 3 471 1
69 67 471 1
88 98 471 1
98 88 471 1
0 16 472 1
3 76 472 1
4 86 472 1
16 0 472 1
76 3 472 1
86 4 472 1
0 13 473 1
2 50 473 1
13 0 473 1
24 32 473 1
32 24 473 1
50 2 473 1
50 61 473 1
61 50 473 1
3 69 474 1
24 39 474 1
25 28 474 1
28 25 474 1
39 24 474 1
45 61 474 1
61 45 474 1
69 3 474 1
83 86 474 1
86 83 474 1
0 11 475 1
1 36 474 2
3 76 475 1
4 91 475 1
11 0 475 1
36 1 474 2
46 51 475 1
51 46 475 1
76 3 475 1
88 97 475 1
91 4 475 1
97 88 475 1
0 13 475 2
13 0 475 2
24 37 476 1
37 24 476 1
48 50 476 1
50 48 476 1
2 52 476 2
3 68 477 1
4 95 477 1
24 32 477 1
32 24 477 1
52 2 476 2
63 76 476 2
68 3 477 1
76 63 476 2
85 97 477 1
95 4 477 1
97 85 477 1
0 6 478 1
0 7 478 1
0 11 477 2
1 32 478 1
6 0 478 1
6 11 478 1
7 0 478 1
7 11 477 2
11 0 477 2
11 6 478 1
11 7 477 2
28 37 478 1
32 1 478 1
37 28 478 1
46 61 478 1
61 46 478 1
85 90 478 1
90 85 478 1
0 12 479 1
1 29 479 1
6 7 478 2
7 6 478 2
12 0 479 1
29 1 479 1
29 36 479 1
36 29 479 1
1 36 479 2
3 65 480 1
4 91 480 1
12 19 480 1
16 20 480 1
19 12 480 1
20 16 480 1
36 1 479 2
65 3 480 1
65 74 480 1
74 65 480 1
85 88 480 1
88 85 480 1
91 4 480 1
0 22 481 1
2 51 481 1
4 95 481 1
22 0 481 1
51 2 481 1
63 77 481 1
77 63 481 1
95 4 481 1
0 16 482 1
16 0 482 1
63 68 482 1
68 63 482 1
69 73 482 1
73 69 482 1
85 95 482 1
95 85 482 1
2 51 483 1
3 70 483 1
24 28 483 1
28 24 483 1
51 2 483 1
70 3 483 1
4 95 484 1
26 31 484 1
31 26 484 1
95 4 484 1
1 28 485 1
1 30 485 1
7 20 485 1
20 7 485 1
28 1 485 1
28 30 485 1
30 1 485 1
30 28 485 1
0 13 486 1
1 37 486 1
2 57 486 1
3 64 485 2
13 0 486 1
37 1 486 1
46 51 486 1
51 46 486 1
57 2 486 1
64 3 485 2
4 91 487 1
6 13 487 1
13 6 487 1
24 30 487 1
28 39 487 1
30 24 487 1
39 28 487 1
45 50 487 1
50 45 487 1
91 4 487 1
0 7 488 1
0 11 488 1
3 68 488 1
7 0 488 1
7 11 488 1
9 20 488 1
11 0 488 1
11 7 488 1
20 9 488 1
25 37 488 1
26 39 488 1
37 25 488 1
39 26 488 1
46 47 488 1
47 46 488 1
64 70 488 1
68 3 488 1
70 64 488 1
0 16 489 1
1 31 489 1
2 51 488 2
3 64 489 1
16 0 489 1
31 1 489 1
45 46 489 1
46 45 489 1
46 50 489 1
50 46 489 1
51 2 488 2
64 3 489 1
67 73 489 1
73 67 489 1
82 95 489 1
95 82 489 1
3 73 490 1
4 95 490 1
5 22 490 1
22 5 490 1
73 3 490 1
88 91 490 1
91 88 490 1
95 4 490 1
1 26 491 1
26 1 491 1
0 11 492 1
3 73 492 1
4 90 492 1
11 0 492 1
45 50 492 1
50 45 492 1
73 3 492 1
90 4 492 1
1 38 493 1
3 77 493 1
9 11 493 1
11 9 493 1
38 1 493 1
71 72 493 1
72 71 493 1
77 3 493 1
83 97 493 1
97 83 493 1
4 82 494 1
7 16 494 1
16 7 494 1
24 40 494 1
40 24 494 1
65 80 494 1
80 65 494 1
82 4 494 1
1 39 495 1
2 49 495 1
3 74 495 1
4 95 495 1
9 16 495 1
11 16 495 1
16 9 495 1
16 11 495 1
39 1 495 1
49 2 495 1
74 3 495 1
87 98 495 1
95 4 495 1
98 87 495 1
4 85 496 1
7 9 496 1
9 7 496 1
38 39 496 1
39 38 496 1
75 80 496 1
80 75 496 1
85 4 496 1
0 11 497 1
1 29 497 1
3 64 497 1
4 97 497 1
11 0 497 1
29 1 497 1
64 3 497 1
97 4 497 1
0 14 498 1
2 52 498 1
7 9 498 1
9 7 498 1
14 0 498 1
29 41 498 1
41 29 498 1
52 2 498 1
52 59 498 1
59 52 498 1
0 11 499 1
4 97 499 1
11 0 499 1
34 36 499 1
36 34 499 1
64 74 499 1
74 64 499 1
97 4 499 1
2 52 500 1
49 59 500 1
52 2 500 1
59 49 500 1
1 29 501 1
2 48 501 1
3 74 501 1
29 1 501 1
46 50 501 1
48 2 501 1
50 46 501 1
74 3 501 1
82 97 501 1
97 82 501 1
0 14 501 2
2 54 502 1
2 60 502 1
3 79 502 1
4 90 501 2
7 13 502 1
13 7 502 1
14 0 501 2
54 2 502 1
54 60 502 1
60 2 502 1
60 54 502 1
79 3 502 1
84 95 502 1
90 4 501 2
95 84 502 1
2 50 503 1
3 74 503 1
24 29 503 1
24 31 503 1
29 24 503 1
29 31 503 1
31 24 503 1
31 29 503 1
46 60 503 1
48 60 503 1
50 2 503 1
60 46 503 1
60 48 503 1
63 79 503 1
74 3 503 1
79 63 503 1
0 14 504 1
3 78 504 1
11 16 504 1
14 0 504 1
16 11 504 1
27 36 504 1
36 27 504 1
45 50 504 1
50 45 504 1
78 3 504 1
1 31 505 1
1 34 505 1
4 84 505 1
6 16 505 1
16 6 505 1
24 33 505 1
31 1 505 1
31 34 505 1
33 24 505 1
34 1 505 1
34 31 505 1
84 4 505 1
1 33 506 1
4 87 506 1
24 35 506 1
33 1 506 1
35 24 506 1
83 84 506 1
84 83 506 1
87 4 506 1
2 51 506 2
3 65 507 1
4 95 507 1
27 33 507 1
33 27 507 1
33 38 507 1
38 33 507 1
48 60 507 1
51 2 506 2
52 54 507 1
54 52 507 1
60 48 507 1
65 3 507 1
65 79 507 1
79 65 507 1
82 90 507 1
84 90 507 1
85 87 507 1
87 85 507 1
90 82 507 1
90 84 507 1
95 4 507 1
1 38 508 1
2 48 508 1
38 1 508 1
48 2 508 1
82 89 508 1
84 95 508 1
89 82 508 1
95 84 508 1
1 29 509 1
2 54 509 1
3 79 508 2
4 97 509 1
28 35 509 1
29 1 509 1
35 28 509 1
54 2 509 1
79 3 508 2
82 87 509 1
87 82 509 1
97 4 509 1
4 90 510 1
6 13 509 2
13 6 509 2
29 38 509 2
38 29 509 2
90 4 510 1
0 7 511 1
0 16 511 1
1 29 511 1
2 54 511 1
3 75 511 1
7 0 511 1
16 0 511 1
27 38 511 1
29 1 511 1
38 27 511 1
54 2 511 1
62 72 511 1
72 62 511 1
75 3 511 1
0 14 512 1
0 19 512 1
1 31 512 1
4 84 511 2
14 0 512 1
19 0 512 1
31 1 512 1
83 95 512 1
84 4 511 2
95 83 512 1
1 27 513 1
13 14 513 1
14 13 513 1
25 38 513 1
27 1 513 1
29 40 513 1
38 25 513 1
40 29 513 1
45 48 513 1
48 45 513 1
0 14 514 1
0 19 514 1
1 31 514 1
2 49 513 2
4 95 514 1
14 0 514 1
14 19 514 1
19 0 514 1
19 14 514 1
31 1 514 1
45 52 514 1
49 2 513 2
52 45 514 1
95 4 514 1
1 35 514 2
27 31 515 1
31 27 515 1
35 1 514 2
52 61 515 1
61 52 515 1
62 68 515 1
68 62 515 1
85 97 515 1
97 85 515 1
1 34 516 1
2 51 516 1
3 77 515 2
4 84 516 1
6 21 516 1
21 6 516 1
27 38 516 1
34 1 516 1
38 27 516 1
48 52 516 1
51 2 516 1
52 48 516 1
77 3 515 2
84 4 516 1
84 87 516 1
87 84 516 1
1 36 517 1
2 54 517 1
4 87 516 2
31 36 517 1
36 1 517 1
36 31 517 1
45 61 517 1
54 2 517 1
61 45 517 1
63 74 517 1
74 63 517 1
84 97 517 1
87 4 516 2
97 84 517 1
0 6 518 1
1 27 518 1
1 31 517 2
2 61 518 1
4 98 518 1
6 0 518 1
27 1 518 1
27 31 518 1
31 1 517 2
31 27 518 1
61 2 518 1
98 4 518 1
3 69 518 2
69 3 518 2
82 97 519 1
97 82 519 1
0 18 520 1
1 36 520 1
2 61 520 1
4 97 520 1
18 0 520 1
34 35 520 1
35 34 520 1
36 1 520 1
49 58 520 1
58 49 520 1
61 2 520 1
62 72 520 1
65 69 520 1
69 65 520 1
72 62 520 1
97 4 520 1
1 38 521 1
9 17 521 1
17 9 521 1
25 34 521 1
34 25 521 1
38 1 521 1
63 74 521 1
74 63 521 1
87 99 521 1
99 87 521 1
0 18 522 1
1 35 522 1
4 98 522 1
8 14 522 1
11 13 522 1
13 11 522 1
14 8 522 1
18 0 522 1
35 1 522 1
95 97 522 1
97 95 522 1
98 4 522 1
1 38 523 1
2 45 522 2
3 62 523 1
3 79 523 1
4 95 523 1
38 1 523 1
45 2 522 2
62 3 523 1
62 79 523 1
79 3 523 1
79 62 523 1
95 4 523 1
0 18 524 1
10 13 524 1
13 10 524 1
18 0 524 1
34 36 524 1
36 34 524 1
45 51 524 1
51 45 524 1
63 74 524 1
65 69 524 1
69 65 524 1
74 63 524 1
84 91 524 1
89 95 524 1
91 84 524 1
95 89 524 1
1 31 525 1
2 45 525 1
2 61 525 1
31 1 525 1
45 2 525 1
45 61 525 1
61 2 525 1
61 45 525 1
1 34 526 1
4 84 526 1
6 16 526 1
10 21 526 1
16 6 526 1
21 10 526 1
34 1 526 1
63 74 526 1
74 63 526 1
84 4 526 1
0 13 525 3
2 45 527 1
9 16 527 1
13 0 525 3
13 17 527 1
16 9 527 1
17 13 527 1
45 2 527 1
82 97 527 1
97 82 527 1
0 17 527 2
4 99 528 1
17 0 527 2
99 4 528 1
0 17 530 1
1 28 530 1
17 0 530 1
28 1 530 1
62 72 530 1
72 62 530 1
84 99 529 2
99 84 529 2
1 33 531 1
2 53 530 2
33 1 531 1
48 53 531 1
53 2 530 2
53 48 531 1
64 68 531 1
68 64 531 1
0 16 531 2
4 91 531 2
4 99 532 1
16 0 531 2
24 36 532 1
36 24 532 1
47 54 532 1
50 53 532 1
53 50 532 1
53 61 532 1
54 47 532 1
61 53 532 1
63 68 532 1
68 63 532 1
69 74 532 1
74 69 532 1
83 95 532 1
91 4 531 2
95 83 532 1
99 4 532 1
0 18 533 1
6 8 533 1
8 6 533 1
18 0 533 1
25 29 533 1
29 25 533 1
50 61 533 1
61 50 533 1
64 73 533 1
73 64 533 1
85 99 533 1
99 85 533 1
1 28 534 1
6 10 534 1
10 6 534 1
28 1 534 1
1 35 535 1
2 53 535 1
3 76 535 1
35 1 535 1
53 2 535 1
76 3 535 1
15 21 536 1
21 15 536 1
85 89 536 1
87 91 536 1
89 85 536 1
90 95 536 1
91 87 536 1
95 90 536 1
3 65 537 1
6 17 537 1
17 6 537 1
31 33 537 1
33 31 537 1
45 53 537 1
53 45 537 1
65 3 537 1
2 48 538 1
48 2 538 1
48 51 538 1
51 48 538 1
69 76 538 1
76 69 538 1
82 91 538 1
91 82 538 1
1 31 539 1
2 51 538 2
3 71 539 1
31 1 539 1
51 2 538 2
71 3 539 1
1 34 540 1
2 59 540 1
4 87 540 1
34 1 540 1
59 2 540 1
87 4 540 1
0 17 541 1
3 73 541 1
17 0 541 1
73 3 541 1
0 9 542 1
1 36 541 2
2 47 542 1
9 0 542 1
36 1 541 2
45 59 541 2
46 59 542 1
47 2 542 1
59 45 541 2
59 46 542 1
62 76 542 1
76 62 542 1
84 95 542 1
95 84 542 1
3 73 543 1
25 37 543 1
27 36 543 1
36 27 543 1
37 25 543 1
47 50 543 1
50 47 543 1
73 3 543 1
85 99 543 1
99 85 543 1
3 68 544 1
68 3 544 1
83 87 544 1
87 83 544 1
3 62 545 1
3 79 545 1
4 95 545 1
9 15 545 1
15 9 545 1
62 3 545 1
69 75 545 1
75 69 545 1
79 3 545 1
95 4 545 1
1 36 546 1
1 40 545 2
2 49 546 1
4 84 546 1
7 18 546 1
18 7 546 1
36 1 546 1
36 40 546 1
40 1 545 2
40 36 546 1
49 2 546 1
83 95 546 1
84 4 546 1
95 83 546 1
3 75 547 1
51 54 547 1
54 51 547 1
75 3 547 1
0 8 548 1
2 53 548 1
8 0 548 1
53 2 548 1
0 16 549 1
3 62 549 1
3 79 549 1
4 82 549 1
16 0 549 1
62 3 549 1
62 79 549 1
79 3 549 1
79 62 549 1
82 4 549 1
1 34 550 1
4 97 550 1
25 28 550 1
28 25 550 1
34 1 550 1
53 58 550 1
58 53 550 1
62 69 550 1
69 62 550 1
97 4 550 1
0 15 550 2
1 29 551 1
2 58 551 1
15 0 550 2
29 1 551 1
53 55 551 1
55 53 551 1
58 2 551 1
81 97 551 1
97 81 551 1
0 16 552 1
1 34 552 1
2 50 552 1
16 0 552 1
34 1 552 1
50 2 552 1
0 21 553 1
3 65 552 2
4 97 553 1
6 16 553 1
16 6 553 1
21 0 553 1
47 61 553 1
61 47 553 1
65 3 552 2
82 85 553 1
85 82 553 1
97 4 553 1
0 15 554 1
2 50 554 1
6 14 554 1
14 6 554 1
15 0 554 1
45 49 554 1
49 45 554 1
50 2 554 1
67 75 554 1
75 67 554 1
1 28 555 1
24 34 555 1
28 1 555 1
34 24 555 1
44 50 555 1
50 44 555 1
0 15 556 1
3 65 556 1
4 87 555 2
15 0 556 1
27 29 556 1
29 27 556 1
45 49 556 1
49 45 556 1
65 3 556 1
87 4 555 2
0 16 557 1
2 55 557 1
4 94 557 1
16 0 557 1
55 2 557 1
62 65 557 1
65 62 557 1
94 4 557 1
1 28 557 2
2 47 558 1
24 34 558 1
28 1 557 2
34 24 558 1
47 2 558 1
68 72 558 1
72 68 558 1
4 94 559 1
44 49 559 1
49 44 559 1
84 88 559 1
85 87 559 1
87 85 559 1
88 84 559 1
94 4 559 1
0 6 560 1
1 39 560 1
3 78 560 1
6 0 560 1
25 28 560 1
28 25 560 1
39 1 560 1
78 3 560 1
3 72 561 1
6 15 561 1
15 6 561 1
27 38 561 1
38 27 561 1
72 3 561 1
82 94 561 1
94 82 561 1
0 17 562 1
4 94 562 1
17 0 562 1
28 34 562 1
34 28 562 1
62 69 562 1
69 62 562 1
73 78 562 1
78 73 562 1
87 94 562 1
94 4 562 1
94 87 562 1
1 30 563 1
30 1 563 1
45 46 563 1
46 45 563 1
71 78 563 1
78 71 563 1
81 87 563 1
87 81 563 1
0 18 564 1
2 47 564 1
4 89 564 1
18 0 564 1
24 30 564 1
30 24 564 1
47 2 564 1
89 4 564 1
1 29 565 1
28 29 565 1
29 1 565 1
29 28 565 1
0 15 565 2
1 31 566 1
15 0 565 2
31 1 566 1
49 53 566 1
53 49 566 1
62 72 566 1
72 62 566 1
3 63 567 1
24 29 567 1
27 31 567 1
29 24 567 1
31 27 567 1
63 3 567 1
1 29 568 1
2 53 567 2
29 1 568 1
53 2 567 2
89 90 568 1
90 89 568 1
91 92 568 1
92 91 568 1
0 19 569 1
2 59 569 1
3 72 569 1
4 93 568 2
19 0 569 1
54 58 569 1
58 54 569 1
59 2 569 1
72 3 569 1
93 4 568 2
0 21 570 1
1 28 570 1
2 46 570 1
2 47 570 1
21 0 570 1
28 1 570 1
46 2 570 1
47 2 570 1
64 76 570 1
72 79 570 1
76 64 570 1
79 72 570 1
85 93 570 1
93 85 570 1
0 18 571 1
3 65 570 2
4 88 570 2
18 0 571 1
46 47 570 2
47 46 570 2
65 3 570 2
86 96 571 1
88 4 570 2
96 86 571 1
0 19 573 1
2 49 572 2
2 53 573 1
17 21 573 1
19 0 573 1
21 17 573 1
27 34 573 1
34 27 573 1
49 2 572 2
49 53 573 1
53 2 573 1
53 49 573 1
85 92 573 1
92 85 573 1
1 28 574 1
4 95 574 1
24 39 574 1
28 1 574 1
39 24 574 1
95 4 574 1
0 21 575 1
2 50 574 2
3 63 574 2
4 88 575 1
21 0 575 1
50 2 574 2
63 3 574 2
64 76 575 1
76 64 575 1
88 4 575 1
90 95 575 1
95 90 575 1
0 19 576 1
1 25 576 1
3 76 576 1
4 96 576 1
19 0 576 1
25 1 576 1
76 3 576 1
96 4 576 1
0 21 577 1
2 53 577 1
21 0 577 1
49 50 577 1
50 49 577 1
53 2 577 1
65 76 577 1
76 65 577 1
0 19 578 1
7 21 578 1
16 19 578 1
19 0 578 1
19 16 578 1
21 7 578 1
62 64 578 1
64 62 578 1
86 90 578 1
90 86 578 1
0 16 578 2
1 29 578 2
1 33 579 1
3 64 579 1
3 68 579 1
7 10 579 1
10 7 579 1
16 0 578 2
29 1 578 2
33 1 579 1
48 49 579 1
49 48 579 1
64 3 579 1
64 68 579 1
68 3 579 1
68 64 579 1
86 92 579 1
92 86 579 1
0 9 580 1
2 44 580 1
3 73 580 1
9 0 580 1
44 2 580 1
64 79 580 1
73 3 580 1
79 64 580 1
83 88 580 1
88 83 580 1
1 31 581 1
2 50 581 1
4 96 581 1
31 1 581 1
50 2 581 1
89 92 581 1
92 89 581 1
96 4 581 1
0 9 582 1
0 19 582 1
2 56 582 1
9 0 582 1
9 19 582 1
11 18 582 1
18 11 582 1
19 0 582 1
19 9 582 1
28 32 582 1
32 28 582 1
56 2 582 1
69 76 582 1
76 69 582 1
1 36 583 1
29 31 582 2
31 29 582 2
36 1 583 1
2 59 584 1
3 73 583 2
27 36 584 1
36 27 584 1
59 2 584 1
73 3 583 2
1 29 585 1
3 76 585 1
4 83 584 2
10 21 585 1
21 10 585 1
24 28 585 1
28 24 585 1
29 1 585 1
76 3 585 1
83 4 584 2
0 6 586 1
2 61 586 1
4 96 586 1
6 0 586 1
61 2 586 1
83 96 586 1
96 4 586 1
96 83 586 1
1 28 587 1
3 79 587 1
4 83 587 1
28 1 587 1
79 3 587 1
83 4 587 1
1 30 588 1
2 61 588 1
3 73 588 1
30 1 588 1
61 2 588 1
73 3 588 1
83 85 588 1
83 90 588 1
85 83 588 1
85 90 588 1
90 83 588 1
90 85 588 1
1 28 589 1
3 79 589 1
4 89 589 1
28 1 589 1
48 53 589 1
53 48 589 1
79 3 589 1
89 4 589 1
1 30 590 1
3 67 590 1
6 9 590 1
9 6 590 1
27 34 590 1
30 1 590 1
34 27 590 1
63 75 590 1
65 67 590 1
67 3 590 1
67 65 590 1
75 63 590 1
88 90 590 1
90 88 590 1
1 33 591 1
2 43 590 2
32 33 591 1
33 1 591 1
33 32 591 1
43 2 590 2
3 67 592 1
4 91 592 1
6 7 592 1
7 6 592 1
7 10 592 1
8 9 592 1
9 8 592 1
10 7 592 1
65 73 592 1
67 3 592 1
73 65 592 1
91 4 592 1
0 11 593 1
0 16 592 2
2 61 593 1
3 66 593 1
11 0 593 1
11 16 593 1
16 0 592 2
16 11 593 1
61 2 593 1
66 3 593 1
16 19 594 1
19 16 594 1
24 36 594 1
36 24 594 1
67 75 594 1
69 72 594 1
72 69 594 1
75 67 594 1
86 96 594 1
96 86 594 1
3 69 595 1
7 8 595 1
8 7 595 1
10 17 595 1
17 10 595 1
24 33 595 1
33 24 595 1
43 48 595 1
48 43 595 1
68 75 595 1
69 3 595 1
75 68 595 1
83 98 595 1
93 94 595 1
94 93 595 1
98 83 595 1
0 17 596 1
1 34 596 1
2 53 596 1
8 19 596 1
17 0 596 1
19 8 596 1
34 1 596 1
53 2 596 1
71 75 596 1
75 71 596 1
86 93 596 1
93 86 596 1
2 49 597 1
46 56 597 1
49 2 597 1
56 46 597 1
63 75 597 1
66 68 597 1
68 66 597 1
75 63 597 1
89 91 597 1
91 89 597 1
1 34 598 1
3 73 598 1
34 1 598 1
73 3 598 1
84 90 598 1
90 84 598 1
95 98 598 1
98 95 598 1
