27 45 1 1
36 93 1 1
45 27 1 1
52 88 1 1
88 52 1 1
93 36 1 1
39 85 3 1
52 88 3 1
75 95 2 2
85 39 3 1
88 52 3 1
95 75 2 2
30 77 4 1
36 53 4 1
53 36 4 1
74 90 2 3
77 30 4 1
84 91 2 3
90 74 2 3
91 84 2 3
57 72 6 1
72 57 6 1
10 66 7 1
26 28 7 1
28 26 7 1
66 10 7 1
7 85 9 1
9 26 8 2
26 9 8 2
49 57 9 1
50 71 9 1
54 84 8 2
57 49 9 1
71 50 9 1
84 54 8 2
85 7 9 1
0 91 8 3
2 78 7 4
52 95 10 1
78 2 7 4
91 0 8 3
95 52 10 1
1 13 11 1
13 1 11 1
65 84 11 1
81 87 10 2
84 65 11 1
87 81 10 2
32 36 12 1
36 32 12 1
32 39 13 1
39 32 13 1
38 67 14 1
67 38 14 1
52 64 14 2
64 52 14 2
17 71 16 1
57 84 12 5
71 17 16 1
84 57 12 5
9 79 16 2
28 99 16 2
31 53 17 1
32 87 16 2
53 31 17 1
75 91 17 1
79 9 16 2
87 32 16 2
91 75 17 1
99 28 16 2
0 11 18 1
4 36 17 2
11 0 18 1
15 94 18 1
25 82 16 3
36 4 17 2
47 50 17 2
50 47 17 2
73 92 17 2
82 25 16 3
92 73 17 2
94 15 18 1
12 54 12 8
31 79 19 1
52 64 19 1
53 61 18 2
54 12 12 8
57 65 16 4
61 53 18 2
64 52 19 1
65 57 16 4
79 31 19 1
9 31 19 2
12 57 20 1
31 9 19 2
31 85 20 1
41 86 17 4
43 84 17 4
48 77 20 1
50 54 20 1
54 50 20 1
57 12 20 1
61 79 20 1
77 48 20 1
79 61 20 1
84 43 17 4
85 31 20 1
86 41 17 4
8 44 21 1
11 17 21 1
17 11 21 1
44 8 21 1
47 50 20 2
49 66 20 2
50 47 20 2
63 83 16 6
64 69 20 2
66 49 20 2
69 64 20 2
74 95 20 2
83 63 16 6
95 74 20 2
21 36 21 2
36 21 21 2
47 77 22 1
47 93 22 1
53 61 21 2
54 77 21 2
61 53 21 2
62 71 21 2
71 62 21 2
77 47 22 1
77 54 21 2
79 98 18 5
93 47 22 1
98 79 18 5
12 43 22 2
43 12 22 2
50 93 23 1
57 60 22 2
60 57 22 2
71 75 23 1
75 71 23 1
93 50 23 1
9 85 24 1
26 29 23 2
29 26 23 2
43 77 23 2
50 79 23 2
77 43 23 2
79 50 23 2
85 9 24 1
2 9 21 5
3 68 22 4
9 2 21 5
11 52 22 4
11 62 25 1
16 51 25 1
51 16 25 1
52 11 22 4
62 11 25 1
68 3 22 4
0 60 25 2
0 83 26 1
8 87 25 2
37 64 26 1
43 47 26 1
47 43 26 1
60 0 25 2
64 37 26 1
65 93 26 1
71 73 26 1
73 71 26 1
79 84 24 3
83 0 26 1
84 79 24 3
87 8 25 2
93 65 26 1
30 50 25 3
43 93 27 1
50 30 25 3
63 95 27 1
65 79 27 1
65 85 27 1
67 70 27 1
70 67 27 1
79 65 27 1
85 65 27 1
93 43 27 1
95 63 27 1
11 69 28 1
12 55 28 1
19 91 27 2
53 84 28 1
54 94 28 1
55 12 28 1
60 83 28 1
69 11 28 1
83 60 28 1
84 53 28 1
91 19 27 2
94 54 28 1
0 83 29 1
35 70 27 3
38 63 26 4
63 38 26 4
65 68 29 1
68 65 29 1
70 35 27 3
71 73 28 2
73 71 28 2
83 0 29 1
14 30 29 2
30 14 29 2
68 79 30 1
79 68 30 1
6 69 30 2
9 77 30 2
12 87 31 1
19 71 31 1
35 70 31 1
47 83 31 1
69 6 30 2
70 35 31 1
71 19 31 1
77 9 30 2
83 47 31 1
85 93 30 2
87 12 31 1
93 85 30 2
0 1 32 1
1 0 32 1
2 93 31 2
3 17 31 2
11 74 30 3
17 3 31 2
23 38 30 3
38 23 30 3
74 11 30 3
93 2 31 2
14 65 32 2
15 20 30 4
20 15 30 4
29 94 33 1
65 14 32 2
94 29 33 1
47 92 32 3
92 47 32 3
0 68 35 1
9 60 33 3
35 69 35 1
60 9 33 3
68 0 35 1
69 35 35 1
2 79 36 1
4 5 35 2
5 4 35 2
20 33 34 3
33 20 34 3
56 96 36 1
62 85 35 2
68 83 36 1
68 94 36 1
79 2 36 1
83 68 36 1
85 62 35 2
94 68 36 1
96 56 36 1
0 53 37 1
0 94 35 3
29 54 35 3
32 48 37 1
37 93 37 1
48 32 37 1
53 0 37 1
54 29 35 3
93 37 37 1
94 0 35 3
0 81 37 2
1 68 37 2
14 81 36 3
53 54 38 1
54 53 38 1
56 96 38 1
68 1 37 2
81 0 37 2
81 14 36 3
96 56 38 1
1 52 39 1
4 80 39 1
8 94 38 2
14 55 39 1
16 78 39 1
39 46 38 2
46 39 38 2
52 1 39 1
55 14 39 1
55 83 39 1
78 16 39 1
80 4 39 1
81 94 39 1
83 55 39 1
94 8 38 2
94 81 39 1
49 77 38 3
53 68 40 1
54 94 40 1
56 96 40 1
68 53 40 1
69 91 39 2
77 49 38 3
91 69 39 2
94 54 40 1
96 56 40 1
29 62 41 1
29 68 39 3
52 92 40 2
62 29 41 1
68 29 39 3
81 83 41 1
83 81 41 1
92 52 40 2
4 14 40 3
14 4 40 3
52 81 42 1
56 96 42 1
61 63 42 1
62 92 42 1
63 61 42 1
81 52 42 1
92 62 42 1
96 56 42 1
0 20 39 5
0 48 43 1
20 0 39 5
26 89 42 2
27 57 42 2
37 47 43 1
47 37 43 1
48 0 43 1
53 68 43 1
57 27 42 2
68 53 43 1
75 81 43 1
81 75 43 1
83 94 43 1
89 26 42 2
94 83 43 1
4 54 43 2
51 65 43 2
54 4 43 2
65 51 43 2
43 54 45 1
54 43 45 1
27 57 45 2
57 27 45 2
75 99 45 2
99 75 45 2
37 81 46 2
55 94 44 4
81 37 46 2
94 55 44 4
7 39 44 5
14 83 48 1
39 7 44 5
83 14 48 1
2 94 48 2
6 37 49 1
27 57 48 2
37 6 49 1
48 55 49 1
54 55 49 1
55 48 49 1
55 54 49 1
57 27 48 2
59 65 48 2
65 59 48 2
94 2 48 2
1 95 49 2
7 39 50 1
14 41 50 1
39 7 50 1
41 14 50 1
85 92 48 3
92 85 48 3
95 1 49 2
46 72 48 4
48 94 51 1
55 83 51 1
72 46 48 4
76 84 50 2
80 95 51 1
83 55 51 1
84 76 50 2
94 48 51 1
95 80 51 1
6 37 52 1
8 52 52 1
27 57 51 2
37 6 52 1
52 8 52 1
57 27 51 2
85 92 52 1
92 85 52 1
41 55 53 1
48 54 52 2
54 48 52 2
55 41 53 1
69 81 52 2
75 83 53 1
81 69 52 2
83 75 53 1
2 48 53 2
7 39 54 1
24 94 53 2
39 7 54 1
48 2 53 2
94 24 53 2
10 32 54 2
32 10 54 2
4 34 56 1
5 36 56 1
7 39 56 1
27 57 54 3
34 4 56 1
36 5 56 1
39 7 56 1
57 27 54 3
58 63 52 5
63 58 52 5
87 93 55 2
93 87 55 2
11 73 56 2
19 38 56 2
34 99 57 1
38 19 56 2
48 51 57 1
51 48 57 1
59 84 56 2
73 11 56 2
84 59 56 2
99 34 57 1
42 65 58 1
65 42 58 1
5 98 57 3
8 52 55 5
27 57 58 2
36 82 58 2
37 45 57 3
45 37 57 3
52 8 55 5
57 27 58 2
82 36 58 2
98 5 57 3
7 39 60 1
35 40 60 1
39 7 60 1
40 35 60 1
42 65 60 1
45 91 60 1
65 42 60 1
91 45 60 1
8 52 61 1
36 94 61 1
52 8 61 1
58 63 59 3
63 58 59 3
94 36 61 1
3 93 62 1
16 60 62 1
40 85 62 1
42 65 62 1
60 16 62 1
62 71 59 4
65 42 62 1
71 62 59 4
85 40 62 1
93 3 62 1
27 57 61 3
49 83 63 1
57 27 61 3
82 94 63 1
83 49 63 1
94 82 63 1
7 39 64 1
39 7 64 1
42 65 64 1
58 63 63 2
63 58 63 2
65 42 64 1
3 93 66 1
42 65 66 1
65 42 66 1
69 95 65 2
93 3 66 1
95 69 65 2
24 85 66 2
34 52 67 1
52 34 67 1
85 24 66 2
6 48 66 3
9 21 67 2
21 9 67 2
42 65 68 1
48 6 66 3
51 95 68 1
65 42 68 1
95 51 68 1
9 58 69 1
58 9 69 1
19 48 70 1
48 19 70 1
50 98 70 1
98 50 70 1
1 9 71 1
2 91 70 2
9 1 71 1
20 78 70 2
32 40 71 1
40 32 71 1
42 65 70 2
65 42 70 2
78 20 70 2
91 2 70 2
35 98 72 1
58 63 72 1
63 58 72 1
67 99 71 2
98 35 72 1
99 67 71 2
1 58 73 1
18 94 72 2
58 1 73 1
77 99 73 1
94 18 72 2
99 77 73 1
38 48 73 2
48 38 73 2
59 84 74 1
81 93 73 2
84 59 74 1
93 81 73 2
1 58 75 1
5 94 75 1
10 26 74 2
26 10 74 2
42 65 74 2
58 1 75 1
63 72 75 1
65 42 74 2
72 63 75 1
94 5 75 1
7 39 77 1
30 97 76 2
34 52 75 3
39 7 77 1
52 34 75 3
97 30 76 2
32 76 76 3
41 96 77 2
42 65 77 2
48 70 78 1
58 63 74 5
63 58 74 5
65 42 77 2
70 48 78 1
76 32 76 3
96 41 77 2
27 57 79 1
57 27 79 1
59 84 79 1
84 59 79 1
48 68 79 2
58 63 80 1
63 58 80 1
68 48 79 2
11 70 81 1
27 57 81 1
42 65 80 2
48 80 81 1
51 95 81 1
57 27 81 1
65 42 80 2
70 11 81 1
80 48 81 1
95 51 81 1
7 39 80 3
8 37 82 1
37 8 82 1
39 7 80 3
58 63 82 1
63 58 82 1
8 52 83 1
23 64 83 1
27 57 83 1
50 82 81 3
52 8 83 1
57 27 83 1
59 84 83 1
64 23 83 1
82 50 81 3
84 59 83 1
36 67 84 1
42 65 83 2
43 56 84 1
53 60 84 1
56 43 84 1
60 53 84 1
65 42 83 2
67 36 84 1
7 39 85 1
21 44 83 3
32 50 85 1
32 79 85 1
39 7 85 1
44 21 83 3
50 32 85 1
79 32 85 1
24 60 86 1
34 52 83 4
52 34 83 4
60 24 86 1
73 79 86 1
79 73 86 1
0 49 87 1
5 32 87 1
8 37 84 4
13 23 85 3
23 13 85 3
27 57 87 1
32 5 87 1
37 8 84 4
42 65 86 2
49 0 87 1
57 27 87 1
65 42 86 2
79 98 86 2
98 79 86 2
21 47 87 2
29 85 87 2
47 21 87 2
61 73 87 2
73 61 87 2
85 29 87 2
8 52 89 1
17 53 89 1
43 56 88 2
44 72 89 1
52 8 89 1
53 17 89 1
56 43 88 2
72 44 89 1
79 99 88 2
99 79 88 2
31 78 90 1
42 65 89 2
59 84 86 5
65 42 89 2
70 79 90 1
78 31 90 1
79 70 90 1
84 59 86 5
1 39 91 1
8 88 91 1
39 1 91 1
58 63 89 3
63 58 89 3
88 8 91 1
5 99 90 3
27 57 91 2
43 56 92 1
56 43 92 1
57 27 91 2
58 90 92 1
90 58 92 1
99 5 90 3
18 69 93 1
32 97 93 1
42 65 92 2
65 42 92 2
69 18 93 1
97 32 93 1
1 39 93 2
6 28 91 4
27 57 94 1
28 6 91 4
34 88 92 3
39 1 93 2
57 27 94 1
88 34 92 3
89 90 94 1
90 89 94 1
42 65 95 1
58 63 95 1
63 58 95 1
65 42 95 1
8 52 96 1
18 38 96 1
27 57 96 1
38 18 96 1
49 59 96 1
50 55 95 2
52 8 96 1
55 50 95 2
57 27 96 1
59 49 96 1
22 66 97 1
42 65 97 1
65 42 97 1
66 22 97 1
5 61 96 3
27 57 98 1
51 71 98 1
57 27 98 1
58 63 97 2
61 5 96 3
63 58 97 2
71 51 98 1
0 73 99 1
10 18 99 1
18 10 99 1
26 50 98 2
37 98 99 1
50 26 98 2
50 55 98 2
55 50 98 2
73 0 99 1
89 90 98 2
90 89 98 2
98 37 99 1
7 81 99 2
30 51 100 1
51 30 100 1
81 7 99 2
41 43 101 1
42 65 101 1
43 41 101 1
65 42 101 1
82 98 101 1
98 82 101 1
35 47 101 2
44 89 102 1
47 35 101 2
89 44 102 1
26 82 102 2
82 26 102 2
18 75 103 2
37 94 103 2
41 96 104 1
42 65 103 2
65 42 103 2
75 18 103 2
94 37 103 2
96 41 104 1
2 77 105 1
27 57 105 1
57 27 105 1
77 2 105 1
14 67 105 2
26 71 106 1
41 43 106 1
43 41 106 1
45 61 106 1
61 45 106 1
67 14 105 2
71 26 106 1
27 57 107 2
43 56 108 1
56 43 108 1
57 27 107 2
22 73 107 3
31 39 109 1
39 31 109 1
42 65 108 2
65 42 108 2
73 22 107 3
8 34 107 4
27 57 110 1
34 8 107 4
36 61 109 2
43 56 110 1
56 43 110 1
57 27 110 1
61 36 109 2
61 71 110 2
71 61 110 2
79 87 111 1
87 79 111 1
27 57 112 1
31 44 112 1
44 31 112 1
57 27 112 1
75 82 111 2
82 75 111 2
33 53 113 1
53 33 113 1
58 63 113 1
63 58 113 1
9 37 113 2
37 9 113 2
34 52 115 1
43 56 115 1
52 34 115 1
56 43 115 1
9 76 115 2
37 51 115 2
51 37 115 2
76 9 115 2
19 30 117 1
27 57 114 4
30 19 117 1
57 27 114 4
58 63 117 1
63 58 117 1
41 96 117 2
47 51 117 2
49 59 116 3
51 47 117 2
59 49 116 3
72 86 117 2
86 72 117 2
96 41 117 2
21 71 118 2
47 93 119 1
71 21 118 2
93 47 119 1
0 49 119 2
49 0 119 2
21 98 121 1
27 57 121 1
49 65 121 1
57 27 121 1
65 49 121 1
98 21 121 1
30 38 123 1
38 30 123 1
36 68 123 2
62 85 123 2
68 36 123 2
85 62 123 2
30 38 125 1
38 30 125 1
49 65 123 3
58 63 125 1
63 58 125 1
65 49 123 3
34 52 126 1
52 34 126 1
79 91 126 1
91 79 126 1
27 57 126 2
41 96 127 1
53 68 126 2
57 27 126 2
68 53 126 2
94 97 127 1
96 41 127 1
97 94 127 1
5 84 128 1
42 92 128 1
58 63 128 1
63 58 128 1
84 5 128 1
92 42 128 1
3 33 129 1
13 29 127 3
29 13 127 3
33 3 129 1
41 96 129 1
96 41 129 1
12 35 128 3
35 12 128 3
34 52 131 1
52 34 131 1
58 63 130 2
63 58 130 2
7 98 132 1
8 34 131 2
28 80 129 4
34 8 131 2
69 82 132 1
80 28 129 4
82 69 132 1
98 7 132 1
4 7 133 1
7 4 133 1
27 57 133 1
57 27 133 1
78 94 134 1
94 78 134 1
19 36 135 1
36 19 135 1
61 84 135 1
84 61 135 1
5 16 135 2
16 5 135 2
78 82 136 1
82 78 136 1
88 91 136 1
91 88 136 1
0 73 136 2
21 80 137 1
73 0 136 2
80 21 137 1
3 60 137 2
27 57 138 1
57 27 138 1
60 3 137 2
78 82 138 1
82 78 138 1
21 84 139 1
84 21 139 1
2 86 140 1
5 16 139 2
16 5 139 2
30 91 140 1
38 47 138 3
47 38 138 3
86 2 140 1
91 30 140 1
27 57 141 1
36 78 140 2
51 84 140 2
52 88 141 1
57 27 141 1
58 63 138 4
63 58 138 4
78 36 140 2
84 51 140 2
88 52 141 1
8 52 140 3
9 92 142 1
30 94 142 1
42 80 141 2
52 8 140 3
80 42 141 2
92 9 142 1
94 30 142 1
3 25 142 2
16 61 142 2
25 3 142 2
34 52 143 1
52 34 143 1
61 16 142 2
21 97 142 3
36 65 144 1
65 36 144 1
97 21 142 3
61 69 145 1
69 61 145 1
28 78 144 3
41 43 146 1
43 41 146 1
78 28 144 3
43 56 147 1
56 43 147 1
11 66 148 1
38 62 146 3
62 38 146 3
66 11 148 1
46 60 148 2
60 46 148 2
40 61 150 1
43 56 150 1
56 43 150 1
61 40 150 1
36 47 150 2
47 36 150 2
4 46 152 1
46 4 152 1
5 61 153 1
32 44 152 2
44 32 152 2
48 84 152 2
61 5 153 1
84 48 152 2
7 46 154 1
46 7 154 1
56 96 154 1
65 83 152 3
83 65 152 3
96 56 154 1
17 73 155 1
19 86 153 3
22 87 155 1
41 96 155 1
73 17 155 1
86 19 153 3
87 22 155 1
96 41 155 1
42 48 156 1
48 42 156 1
62 94 156 1
71 77 156 1
77 71 156 1
94 62 156 1
7 84 157 1
21 40 156 2
40 21 156 2
41 43 156 2
43 41 156 2
84 7 157 1
66 70 158 2
70 66 158 2
16 29 160 1
29 16 160 1
31 76 159 2
38 58 160 1
58 38 160 1
76 31 159 2
26 81 160 2
32 78 161 1
43 56 160 2
56 43 160 2
78 32 161 1
81 26 160 2
2 85 162 1
4 23 162 1
23 4 162 1
50 54 162 1
54 50 162 1
85 2 162 1
71 89 163 1
89 71 163 1
34 52 164 1
52 34 164 1
7 97 165 1
13 32 164 2
22 67 164 2
25 85 164 2
26 81 165 1
32 13 164 2
33 65 165 1
41 96 165 1
42 54 165 1
54 42 165 1
64 66 164 2
65 33 165 1
66 64 164 2
67 22 164 2
81 26 165 1
85 25 164 2
96 41 165 1
97 7 165 1
73 79 166 1
79 73 166 1
14 49 166 2
34 52 166 2
41 43 167 1
41 96 167 1
43 41 167 1
49 14 166 2
52 34 166 2
96 41 167 1
1 58 168 1
28 47 167 2
47 28 167 2
58 1 168 1
6 30 169 1
7 21 168 2
21 7 168 2
30 6 169 1
41 43 169 1
43 41 169 1
43 56 169 1
56 43 169 1
1 44 167 4
44 1 167 4
79 94 170 1
94 79 170 1
1 58 170 2
17 83 171 1
26 81 171 1
29 69 170 2
43 56 171 1
56 43 171 1
58 1 170 2
69 29 170 2
81 26 171 1
83 17 171 1
3 36 171 2
5 86 172 1
8 82 171 2
15 87 172 1
34 52 172 1
36 3 171 2
52 34 172 1
82 8 171 2
86 5 172 1
87 15 172 1
10 46 172 2
16 33 172 2
33 16 172 2
46 10 172 2
12 27 174 1
27 12 174 1
31 89 173 2
34 52 174 1
41 96 173 2
52 34 174 1
79 94 173 2
89 31 173 2
94 79 173 2
96 41 173 2
10 46 175 1
46 10 175 1
56 96 175 1
66 72 175 1
72 66 175 1
96 56 175 1
6 47 174 3
34 52 176 1
47 6 174 3
47 79 174 3
52 34 176 1
65 72 176 1
72 65 176 1
79 47 174 3
1 91 175 3
91 1 175 3
10 46 177 2
12 21 177 2
21 12 177 2
33 97 177 2
34 52 178 1
41 96 177 2
46 10 177 2
52 34 178 1
53 86 178 1
65 81 178 1
81 65 178 1
86 53 178 1
96 41 177 2
97 33 177 2
10 45 176 4
45 10 176 4
81 88 177 3
88 81 177 3
4 37 178 3
26 81 180 1
37 4 178 3
41 43 180 1
43 41 180 1
75 98 180 1
81 26 180 1
98 75 180 1
0 92 181 1
45 46 181 1
46 45 181 1
65 81 181 1
81 65 181 1
92 0 181 1
41 96 181 2
66 68 181 2
68 66 181 2
92 93 180 3
93 92 180 3
96 41 181 2
34 52 183 1
52 34 183 1
66 84 183 1
84 66 183 1
92 95 183 1
95 92 183 1
8 42 184 1
23 70 184 1
38 91 183 2
42 8 184 1
70 23 184 1
91 38 183 2
34 52 185 1
52 34 185 1
23 59 185 2
37 53 186 1
53 37 186 1
59 23 185 2
62 96 186 1
96 62 186 1
8 13 185 3
13 8 185 3
16 25 184 4
25 16 184 4
34 52 187 1
52 34 187 1
3 38 188 1
38 3 188 1
0 14 189 1
6 20 188 2
14 0 189 1
20 6 188 2
34 52 189 1
35 90 189 1
41 96 187 3
52 34 189 1
65 81 186 4
81 65 186 4
90 35 189 1
96 41 187 3
1 20 190 1
20 1 190 1
26 81 189 2
43 96 190 1
60 80 188 3
80 60 188 3
81 26 189 2
96 43 190 1
0 14 191 1
5 87 191 1
14 0 191 1
24 35 191 1
35 24 191 1
65 81 191 1
81 65 191 1
87 5 191 1
4 25 188 5
5 19 192 1
10 26 190 3
19 5 192 1
25 4 188 5
26 10 190 3
34 52 192 1
43 56 192 1
52 34 192 1
56 43 192 1
71 86 191 2
72 79 190 3
79 72 190 3
86 71 191 2
12 35 193 1
35 12 193 1
41 56 193 1
42 85 193 1
56 41 193 1
85 42 193 1
1 6 192 3
6 1 192 3
19 87 194 1
34 52 194 1
52 34 194 1
60 71 194 1
71 60 194 1
87 19 194 1
16 19 195 1
19 16 195 1
57 93 195 1
65 81 195 1
81 65 195 1
93 57 195 1
27 67 196 1
34 52 196 1
47 97 196 1
52 34 196 1
67 27 196 1
97 47 196 1
3 92 197 1
54 85 195 3
58 93 196 2
85 54 195 3
92 3 197 1
93 58 196 2
6 28 198 1
18 88 198 1
20 38 195 4
28 6 198 1
38 20 195 4
88 18 198 1
34 52 199 1
52 34 199 1
0 20 200 1
6 96 200 1
20 0 200 1
23 40 197 4
40 23 197 4
67 71 199 2
71 67 199 2
96 6 200 1
2 3 199 3
3 2 199 3
12 53 201 1
16 39 201 1
31 54 200 2
34 52 201 1
39 16 201 1
49 58 200 2
52 34 201 1
53 12 201 1
54 31 200 2
58 49 200 2
18 45 202 1
45 18 202 1
10 40 201 3
20 36 202 2
22 77 203 1
36 20 202 2
40 10 201 3
49 58 203 1
58 49 203 1
77 22 203 1
1 57 203 2
50 87 203 2
57 1 203 2
65 81 204 1
81 65 204 1
87 50 203 2
0 92 204 2
19 47 204 2
22 79 205 1
27 52 205 1
47 19 204 2
52 27 205 1
79 22 205 1
84 93 205 1
92 0 204 2
93 84 205 1
3 98 206 1
34 52 206 1
52 34 206 1
57 86 205 2
86 57 205 2
98 3 206 1
6 95 207 1
17 50 207 1
27 82 205 3
38 86 207 1
50 17 207 1
65 81 207 1
81 65 207 1
82 27 205 3
86 38 207 1
95 6 207 1
49 84 208 1
84 49 208 1
0 86 209 1
86 0 209 1
13 63 210 1
31 46 208 3
46 31 208 3
47 57 210 1
57 47 210 1
63 13 210 1
25 49 210 2
34 52 211 1
36 96 211 1
49 25 210 2
52 34 211 1
94 97 209 3
96 36 211 1
97 94 209 3
10 68 212 1
40 42 212 1
42 40 212 1
57 98 212 1
65 81 210 3
68 10 212 1
81 65 210 3
98 57 212 1
25 49 213 1
37 61 212 2
38 57 213 1
49 25 213 1
57 38 213 1
61 37 212 2
42 98 214 1
44 91 213 2
83 95 214 1
91 44 213 2
95 83 214 1
98 42 214 1
0 96 213 3
6 95 215 1
16 39 215 1
23 50 215 1
39 16 215 1
50 23 215 1
95 6 215 1
96 0 213 3
38 40 215 2
40 38 215 2
64 95 216 1
95 64 216 1
6 95 217 1
42 51 216 2
51 42 216 2
82 84 214 4
84 82 214 4
95 6 217 1
23 51 218 1
51 23 218 1
20 59 217 3
59 20 217 3
1 24 220 1
12 53 219 2
24 1 220 1
53 12 219 2
90 99 218 3
99 90 218 3
23 96 219 3
34 52 221 1
40 57 219 3
52 34 221 1
57 40 219 3
96 23 219 3
16 39 222 1
39 16 222 1
23 51 223 1
25 67 223 1
51 23 223 1
67 25 223 1
11 90 223 2
13 81 224 1
71 87 224 1
81 13 224 1
87 71 224 1
90 11 223 2
0 49 225 1
29 98 224 2
49 0 225 1
54 75 223 3
64 82 225 1
75 54 223 3
82 64 225 1
98 29 224 2
38 98 226 1
47 52 226 1
52 47 226 1
87 99 226 1
98 38 226 1
99 87 226 1
13 65 227 1
65 13 227 1
35 47 228 1
47 35 228 1
65 81 228 1
81 65 228 1
32 68 229 1
57 89 229 1
68 32 229 1
81 91 229 1
89 57 229 1
91 81 229 1
1 31 230 1
2 10 227 4
10 2 227 4
31 1 230 1
49 70 230 2
70 49 230 2
81 91 231 1
91 81 231 1
31 88 229 4
68 81 230 3
81 68 230 3
88 31 229 4
24 32 233 1
25 61 231 3
32 24 233 1
61 25 231 3
2 63 233 2
16 38 234 1
18 21 234 1
21 18 234 1
38 16 234 1
63 2 233 2
32 98 234 2
38 74 235 1
65 68 235 1
68 65 235 1
71 99 235 1
74 38 235 1
98 32 234 2
99 71 235 1
12 13 235 2
13 12 235 2
50 64 236 1
64 50 236 1
68 69 234 3
69 68 234 3
4 77 237 1
9 90 236 2
25 70 237 1
65 69 237 1
69 65 237 1
70 25 237 1
77 4 237 1
90 9 236 2
88 99 238 1
99 88 238 1
14 81 239 1
55 82 239 1
61 64 239 1
64 61 239 1
69 80 234 6
80 69 234 6
81 14 239 1
82 55 239 1
10 47 240 1
14 39 240 1
28 72 239 2
35 64 240 1
39 14 240 1
47 10 240 1
51 95 240 1
62 69 240 1
64 35 240 1
69 62 240 1
72 28 239 2
95 51 240 1
4 13 241 1
13 4 241 1
18 24 239 3
24 18 239 3
52 91 241 1
88 98 241 1
91 52 241 1
98 88 241 1
52 90 241 2
66 99 242 1
90 52 241 2
99 66 242 1
4 13 243 1
13 4 243 1
33 74 243 1
39 81 242 2
74 33 243 1
81 39 242 2
93 98 243 1
98 93 243 1
5 99 244 1
12 18 243 2
18 12 243 2
31 62 244 1
52 88 244 1
61 94 244 1
62 31 244 1
88 52 244 1
90 91 243 2
91 90 243 2
94 61 244 1
99 5 244 1
8 91 245 1
22 64 243 3
64 22 243 3
91 8 245 1
9 91 246 1
14 57 246 1
21 66 245 2
28 90 245 2
52 98 246 1
57 14 246 1
66 21 245 2
90 28 245 2
91 9 246 1
98 52 246 1
98 99 245 2
99 98 245 2
8 87 246 2
13 14 242 6
14 13 242 6
59 81 247 1
81 59 247 1
87 8 246 2
0 9 248 1
9 0 248 1
39 68 247 2
68 39 247 2
87 88 248 1
87 93 245 4
88 87 248 1
93 87 245 4
98 99 248 1
99 98 248 1
5 85 249 1
6 20 249 1
9 16 248 2
12 66 249 1
16 9 248 2
20 6 249 1
28 88 249 1
41 43 249 1
43 41 249 1
52 99 248 2
66 12 249 1
85 5 249 1
88 28 249 1
99 52 248 2
2 10 250 1
10 2 250 1
68 97 250 1
97 68 250 1
13 57 249 3
21 49 251 1
41 56 250 2
42 54 250 2
49 21 251 1
54 42 250 2
56 41 250 2
57 13 249 3
1 20 252 1
12 49 252 1
20 1 252 1
49 12 252 1
77 82 249 4
82 77 249 4
85 88 252 1
88 85 252 1
8 28 253 1
14 48 252 2
28 8 253 1
31 86 253 1
42 59 253 1
48 14 252 2
59 42 253 1
86 31 253 1
98 99 253 1
99 98 253 1
0 8 253 2
8 0 253 2
70 94 255 1
94 70 255 1
24 66 256 1
28 87 252 5
61 69 253 4
66 24 256 1
69 61 253 4
87 28 252 5
5 47 257 1
6 25 256 2
10 51 257 1
25 6 256 2
47 5 257 1
51 10 257 1
55 69 257 1
60 90 256 2
69 55 257 1
90 60 256 2
17 99 258 1
36 74 258 1
74 36 258 1
99 17 258 1
23 59 257 3
24 99 259 1
59 23 257 3
99 24 259 1
6 90 259 2
12 49 257 4
45 96 260 1
49 12 257 4
90 6 259 2
96 45 260 1
97 99 260 1
99 97 260 1
67 82 261 1
82 67 261 1
45 67 261 2
67 45 261 2
17 20 263 1
20 17 263 1
40 81 263 1
67 96 263 1
81 40 263 1
96 67 263 1
13 65 264 1
16 79 261 4
45 67 264 1
55 63 264 1
63 55 264 1
65 13 264 1
67 45 264 1
79 16 261 4
80 96 264 1
96 80 264 1
31 77 264 2
40 65 265 1
44 85 260 6
65 40 265 1
77 31 264 2
85 44 260 6
7 80 266 1
18 63 265 2
20 97 266 1
58 59 266 1
59 58 266 1
63 18 265 2
65 95 265 2
80 7 266 1
81 89 264 3
89 81 264 3
95 65 265 2
97 20 266 1
3 26 264 4
13 65 267 1
26 3 264 4
65 13 267 1
28 61 267 2
45 67 268 1
61 28 267 2
67 45 268 1
0 71 269 1
71 0 269 1
86 93 268 2
93 86 268 2
13 95 270 1
95 13 270 1
75 97 271 1
97 75 271 1
28 39 271 2
39 28 271 2
63 86 271 2
86 63 271 2
6 86 273 1
18 35 271 3
19 27 273 1
27 19 273 1
35 18 271 3
86 6 273 1
7 45 274 1
34 97 273 2
45 7 274 1
64 86 274 1
86 64 274 1
97 34 273 2
9 80 272 4
13 65 275 1
14 87 274 2
53 54 272 4
54 53 272 4
65 13 275 1
80 9 272 4
87 14 274 2
33 66 273 4
38 77 276 1
66 33 273 4
77 38 276 1
6 62 277 1
13 65 277 1
16 94 275 3
30 76 274 4
62 6 277 1
65 13 277 1
69 92 277 1
76 30 274 4
92 69 277 1
94 16 275 3
4 26 278 1
26 4 278 1
46 83 278 1
60 75 278 1
64 82 278 1
75 60 278 1
82 64 278 1
83 46 278 1
65 87 278 2
87 65 278 2
1 74 280 1
6 53 279 2
48 90 280 1
53 6 279 2
74 1 280 1
90 48 280 1
45 88 281 1
88 45 281 1
13 65 282 1
19 39 281 2
27 35 281 2
35 27 281 2
39 19 281 2
65 13 282 1
17 21 282 2
21 17 282 2
46 83 282 2
72 82 283 1
82 72 283 1
83 46 282 2
11 68 282 3
35 42 283 2
42 35 283 2
68 11 282 3
16 82 285 1
19 80 285 1
80 19 285 1
82 16 285 1
12 22 286 1
22 12 286 1
46 83 286 1
80 99 286 1
83 46 286 1
99 80 286 1
11 37 285 3
21 82 286 2
23 93 286 2
37 11 285 3
39 50 287 1
50 39 287 1
50 67 287 1
67 50 287 1
82 21 286 2
93 23 286 2
21 71 288 1
45 62 288 1
62 45 288 1
71 21 288 1
16 62 288 2
50 80 289 1
62 16 288 2
80 50 289 1
6 30 290 1
30 6 290 1
4 19 291 1
19 4 291 1
23 32 291 1
32 23 291 1
13 65 292 1
21 39 292 1
39 21 292 1
55 84 292 1
62 89 292 1
65 13 292 1
84 55 292 1
89 62 292 1
17 93 293 1
20 61 293 1
29 53 293 1
31 75 293 1
46 83 292 2
47 82 292 2
53 29 293 1
61 20 293 1
75 31 293 1
82 47 292 2
83 46 292 2
93 17 293 1
73 83 294 1
83 73 294 1
5 6 294 2
6 5 294 2
17 30 295 1
30 17 295 1
11 46 296 1
35 67 296 1
37 87 295 2
46 11 296 1
46 83 295 2
67 35 296 1
83 46 295 2
87 37 295 2
5 6 297 1
6 5 297 1
32 72 295 3
42 71 297 1
71 42 297 1
72 32 295 3
77 79 295 3
79 77 295 3
14 60 298 1
15 73 298 1
60 14 298 1
66 74 298 1
73 15 298 1
74 66 298 1
12 82 298 2
46 73 298 2
73 46 298 2
79 81 298 2
81 79 298 2
82 12 298 2
11 83 299 2
29 30 300 1
30 29 300 1
71 93 299 2
83 11 299 2
93 71 299 2
13 98 301 1
25 73 301 1
29 32 300 2
32 29 300 2
73 25 301 1
98 13 301 1
24 42 299 4
42 24 299 4
32 39 303 1
39 32 303 1
61 62 303 1
62 61 303 1
65 75 303 1
75 65 303 1
5 17 304 1
17 5 304 1
30 32 303 2
32 30 303 2
36 82 303 2
37 88 303 2
39 53 304 1
53 39 304 1
60 90 304 1
82 36 303 2
88 37 303 2
90 60 304 1
12 93 305 1
17 29 305 1
29 17 305 1
45 76 304 2
76 45 304 2
93 12 305 1
8 69 305 2
18 95 306 1
30 53 305 2
53 30 305 2
69 8 305 2
83 88 304 3
88 83 304 3
95 18 306 1
4 79 307 1
14 19 305 3
16 20 305 3
19 14 305 3
20 16 305 3
32 48 306 2
48 32 306 2
66 97 305 3
67 76 306 2
76 67 306 2
79 4 307 1
97 66 305 3
5 72 308 1
15 25 308 1
17 51 308 1
25 15 308 1
51 17 308 1
65 75 307 2
72 5 308 1
75 65 307 2
13 65 309 1
65 13 309 1
13 98 310 1
67 94 310 1
94 67 310 1
98 13 310 1
32 53 309 3
53 32 309 3
15 46 312 1
16 87 311 2
46 15 312 1
47 67 311 2
67 47 311 2
87 16 311 2
5 99 313 1
7 53 310 4
15 73 313 1
28 33 312 2
33 28 312 2
53 7 310 4
73 15 313 1
74 98 312 2
98 74 312 2
99 5 313 1
41 43 314 1
43 41 314 1
67 82 314 1
82 67 314 1
6 48 315 1
48 6 315 1
12 72 315 2
72 12 315 2
13 74 317 1
16 37 316 2
37 16 316 2
74 13 317 1
13 65 318 1
43 56 318 1
46 73 318 1
56 43 318 1
65 13 318 1
73 46 318 1
5 39 317 3
39 5 317 3
62 85 317 3
85 62 317 3
0 35 319 2
7 53 319 2
13 65 320 1
35 0 319 2
53 7 319 2
65 13 320 1
13 98 321 1
16 64 320 2
17 85 320 2
43 56 320 2
56 43 320 2
64 16 320 2
85 17 320 2
98 13 321 1
7 17 322 1
9 24 322 1
17 7 322 1
21 33 322 1
24 9 322 1
33 21 322 1
13 98 323 1
16 57 323 1
43 56 323 1
56 43 323 1
57 16 323 1
98 13 323 1
41 56 324 1
56 41 324 1
2 36 325 1
7 53 325 1
36 2 325 1
53 7 325 1
14 61 326 1
61 14 326 1
65 83 324 3
83 65 324 3
2 34 327 1
5 52 326 2
30 62 325 3
34 2 327 1
52 5 326 2
53 78 324 4
62 30 325 3
78 53 324 4
13 65 328 1
17 34 328 1
34 17 328 1
65 13 328 1
65 83 328 1
83 65 328 1
4 12 329 1
6 36 329 1
12 4 329 1
22 96 329 1
25 51 329 1
36 6 329 1
51 25 329 1
96 22 329 1
31 42 329 2
37 52 329 2
42 31 329 2
43 56 330 1
52 37 329 2
56 43 330 1
6 17 331 1
17 6 331 1
32 91 331 1
75 79 331 1
79 75 331 1
91 32 331 1
0 10 332 1
6 10 330 3
9 31 332 1
10 0 332 1
10 6 330 3
17 19 332 1
19 17 332 1
31 9 332 1
34 53 330 3
53 34 330 3
22 96 332 2
53 82 332 2
82 53 332 2
96 22 332 2
10 17 334 1
17 10 334 1
48 96 334 2
74 98 334 2
96 48 334 2
98 74 334 2
14 59 336 1
53 89 335 2
59 14 336 1
89 53 335 2
26 83 337 1
27 67 336 2
67 27 336 2
83 26 337 1
13 76 337 2
67 82 338 1
76 13 337 2
82 67 338 1
9 13 339 1
13 9 339 1
43 56 339 2
56 43 339 2
7 91 341 1
9 67 340 2
10 86 341 1
19 36 337 5
36 19 337 5
36 53 340 2
53 36 340 2
53 55 338 4
54 99 339 3
55 53 338 4
67 9 340 2
86 10 341 1
91 7 341 1
99 54 339 3
53 86 342 1
59 61 342 1
61 59 342 1
86 53 342 1
6 35 339 5
35 6 339 5
36 55 343 1
55 36 343 1
76 92 343 1
92 76 343 1
10 29 344 1
12 43 344 1
29 10 344 1
43 12 344 1
43 95 342 3
95 43 342 3
1 27 343 3
4 37 345 1
27 1 343 3
37 4 345 1
42 75 345 2
54 73 346 1
73 54 346 1
75 42 345 2
43 68 346 2
47 91 345 3
68 43 346 2
91 47 345 3
27 47 348 1
47 27 348 1
48 87 347 2
67 92 346 3
87 48 347 2
92 67 346 3
2 7 348 2
7 2 348 2
58 95 349 1
95 58 349 1
9 83 350 1
25 95 350 1
38 44 349 2
44 38 349 2
55 57 349 2
57 55 349 2
83 9 350 1
95 25 350 1
9 47 351 1
29 35 351 1
35 29 351 1
47 9 351 1
73 94 351 1
94 73 351 1
6 93 350 3
9 83 352 1
12 95 351 2
13 44 352 1
44 13 352 1
83 9 352 1
93 6 350 3
95 12 351 2
16 26 353 1
21 28 353 1
26 16 353 1
28 21 353 1
10 38 353 2
31 43 354 1
33 90 352 3
38 10 353 2
43 31 354 1
47 83 354 1
66 87 352 3
83 47 354 1
87 66 352 3
90 33 352 3
41 56 354 2
54 75 354 2
56 41 354 2
75 54 354 2
25 41 356 1
41 25 356 1
61 65 356 1
65 61 356 1
5 45 355 3
33 90 356 2
45 5 355 3
55 87 357 1
87 55 357 1
90 33 356 2
0 24 358 1
19 83 358 1
24 0 358 1
27 97 356 3
36 75 358 1
75 36 358 1
83 19 358 1
97 27 356 3
1 98 357 3
7 93 358 2
27 61 359 1
31 95 359 1
61 27 359 1
93 7 358 2
95 31 359 1
98 1 357 3
9 65 358 3
27 97 360 1
30 39 359 2
39 30 359 2
65 9 358 3
97 27 360 1
15 46 361 1
46 15 361 1
7 53 360 3
10 73 362 1
24 90 360 3
53 7 360 3
73 10 362 1
90 24 360 3
31 41 362 2
41 31 362 2
57 87 363 1
87 57 363 1
52 99 363 2
99 52 363 2
61 97 362 4
67 79 365 1
73 87 364 2
79 67 365 1
87 73 364 2
97 61 362 4
17 29 365 2
19 28 365 2
23 72 365 2
28 19 365 2
29 17 365 2
72 23 365 2
2 44 366 2
9 16 367 1
16 9 367 1
44 2 366 2
67 79 367 1
79 67 367 1
86 94 367 1
94 86 367 1
45 51 368 1
51 45 368 1
52 61 368 1
61 52 368 1
5 20 370 2
20 5 370 2
30 51 369 3
35 52 371 1
51 30 369 3
52 35 371 1
59 60 370 2
60 59 370 2
86 94 370 2
94 86 370 2
12 54 368 5
30 43 372 1
43 30 372 1
54 12 368 5
24 83 374 1
37 81 374 1
42 52 374 1
45 58 374 1
52 42 374 1
58 45 374 1
81 37 374 1
83 24 374 1
61 71 373 3
71 61 373 3
76 88 375 1
88 76 375 1
5 33 375 2
33 5 375 2
7 97 376 2
11 87 377 1
87 11 377 1
97 7 376 2
15 46 378 1
46 15 378 1
63 65 377 2
65 63 377 2
76 81 378 1
81 76 378 1
37 52 378 2
43 73 379 1
52 37 378 2
73 43 379 1
86 94 377 3
94 86 377 3
5 98 379 2
35 94 380 1
41 81 379 2
62 87 380 1
81 41 379 2
87 62 380 1
94 35 380 1
98 5 379 2
10 30 380 2
19 26 380 2
26 19 380 2
30 10 380 2
35 61 381 1
61 35 381 1
76 78 381 1
78 76 381 1
62 87 382 1
64 65 379 4
65 64 379 4
87 62 382 1
33 58 383 1
58 33 383 1
87 97 382 2
97 87 382 2
8 76 383 2
13 38 384 1
18 73 384 1
35 86 384 1
38 13 384 1
73 18 384 1
76 8 383 2
76 78 384 1
78 76 384 1
86 35 384 1
8 74 385 1
9 85 382 4
23 40 385 1
40 23 385 1
74 8 385 1
85 9 382 4
16 34 386 1
25 83 386 1
34 16 386 1
49 90 386 1
83 25 386 1
86 95 386 1
90 49 386 1
95 86 386 1
13 38 386 2
38 13 386 2
61 86 387 1
86 61 387 1
13 55 387 2
22 82 387 2
55 13 387 2
60 83 388 1
82 22 387 2
83 60 388 1
41 78 388 2
64 77 388 2
77 64 388 2
78 41 388 2
0 18 390 1
7 32 390 1
10 33 390 1
18 0 390 1
32 7 390 1
33 10 390 1
13 51 391 1
17 78 391 1
51 13 391 1
78 17 391 1
25 83 390 3
40 57 392 1
57 40 392 1
83 25 390 3
0 73 393 2
19 85 394 1
23 57 394 1
33 52 393 2
33 76 394 1
52 33 393 2
57 23 394 1
73 0 393 2
76 33 394 1
85 19 394 1
13 51 394 2
51 13 394 2
68 95 393 3
95 68 393 3
3 40 394 3
16 24 396 1
19 46 396 1
24 16 396 1
36 83 395 2
37 87 396 1
40 3 394 3
46 19 396 1
83 36 395 2
87 37 396 1
17 95 397 1
24 97 397 1
95 17 397 1
97 24 397 1
8 46 398 1
46 8 398 1
46 67 397 2
67 46 397 2
69 98 398 1
98 69 398 1
