58 82 11 2
82 58 11 2
33 58 13 1
58 33 13 1
16 34 16 1
31 69 16 1
34 16 16 1
69 31 16 1
29 56 19 1
56 29 19 1
20 73 22 1
73 20 22 1
9 29 23 1
29 9 23 1
54 56 24 1
56 54 24 1
9 83 25 1
83 9 25 1
80 85 28 1
85 80 28 1
12 93 31 1
93 12 31 1
47 80 33 1
80 47 33 1
55 93 33 2
93 55 33 2
20 65 37 1
65 20 37 1
56 82 41 1
82 56 41 1
56 99 44 1
99 56 44 1
12 56 47 1
56 12 47 1
16 96 50 1
96 16 50 1
40 84 63 1
84 40 63 1
22 83 63 2
83 22 63 2
34 99 70 1
99 34 70 1
12 33 72 1
33 12 72 1
52 94 72 1
94 52 72 1
9 97 73 1
97 9 73 1
8 69 76 1
34 48 76 1
48 34 76 1
69 8 76 1
36 72 78 2
72 36 78 2
8 64 81 1
64 8 81 1
6 95 81 2
20 55 81 2
55 20 81 2
95 6 81 2
10 26 86 1
26 10 86 1
88 93 90 1
93 88 90 1
64 88 91 1
88 64 91 1
4 35 93 1
35 4 93 1
45 92 95 2
92 45 95 2
12 74 101 1
28 30 101 1
30 28 101 1
74 12 101 1
57 81 103 1
81 57 103 1
10 57 106 1
57 10 106 1
46 58 107 1
58 46 107 1
38 46 108 1
46 38 108 1
61 82 108 1
82 61 108 1
91 96 109 1
96 91 109 1
5 59 110 1
59 5 110 1
38 98 112 1
98 38 112 1
73 96 116 2
96 73 116 2
41 73 119 1
73 41 119 1
78 96 120 1
96 78 120 1
71 81 121 1
81 71 121 1
24 78 126 1
78 24 126 1
4 37 128 1
37 4 128 1
59 96 128 1
96 59 128 1
2 70 129 1
70 2 129 1
31 82 133 2
82 31 133 2
26 78 135 1
78 26 135 1
68 74 139 1
74 68 139 1
26 51 140 1
51 26 140 1
28 64 141 1
64 28 141 1
25 55 145 2
55 25 145 2
5 19 147 1
19 5 147 1
76 89 150 1
89 76 150 1
72 93 152 1
93 72 152 1
11 80 157 1
80 11 157 1
45 59 162 1
59 45 162 1
29 52 164 1
52 29 164 1
16 89 165 1
89 16 165 1
29 52 166 1
45 93 165 2
52 29 166 1
93 45 165 2
16 59 169 1
59 16 169 1
21 92 172 1
92 21 172 1
40 92 174 1
92 40 174 1
31 50 177 1
50 31 177 1
40 42 196 1
42 40 196 1
49 67 198 2
57 71 199 1
67 49 198 2
71 57 199 1
21 39 203 1
39 21 203 1
35 54 204 1
54 35 204 1
36 94 206 1
94 36 206 1
70 85 210 1
85 70 210 1
5 78 212 1
78 5 212 1
20 23 215 1
23 20 215 1
43 90 215 1
90 43 215 1
25 94 217 1
94 25 217 1
1 58 217 2
19 35 218 1
35 19 218 1
58 1 217 2
1 35 220 1
35 1 220 1
3 45 225 1
45 3 225 1
28 72 228 1
72 28 228 1
2 37 231 1
37 2 231 1
6 66 232 1
31 40 232 1
40 31 232 1
66 6 232 1
78 93 238 1
93 78 238 1
35 86 238 3
86 35 238 3
4 29 250 1
29 4 250 1
21 23 253 1
23 21 253 1
63 78 257 1
78 63 257 1
27 63 259 1
50 85 259 1
63 27 259 1
85 50 259 1
54 76 261 1
76 54 261 1
82 92 267 1
92 82 267 1
15 19 268 1
19 15 268 1
51 92 270 1
92 51 270 1
57 96 271 1
96 57 271 1
16 51 272 1
51 16 272 1
37 75 275 2
75 37 275 2
38 90 277 1
68 90 277 1
90 38 277 1
90 68 277 1
73 77 282 1
77 73 282 1
16 87 286 1
87 16 286 1
9 90 288 1
35 75 288 1
75 35 288 1
90 9 288 1
6 35 291 1
35 6 291 1
39 96 291 1
96 39 291 1
7 9 293 1
9 7 293 1
51 67 293 1
67 51 293 1
32 96 294 1
96 32 294 1
4 42 294 2
7 86 295 1
42 4 294 2
86 7 295 1
32 98 296 1
98 32 296 1
12 75 297 2
75 12 297 2
61 87 299 1
87 61 299 1
23 61 303 1
61 23 303 1
1 96 305 1
96 1 305 1
77 99 313 1
99 77 313 1
23 42 315 2
42 23 315 2
25 92 317 1
92 25 317 1
32 57 318 1
57 32 318 1
62 82 323 1
82 62 323 1
25 37 329 2
37 25 329 2
67 97 330 1
97 67 330 1
27 64 331 1
64 27 331 1
0 85 332 1
85 0 332 1
36 95 333 1
66 73 333 1
73 66 333 1
95 36 333 1
8 38 334 1
38 8 334 1
51 84 334 1
84 51 334 1
53 83 336 1
83 53 336 1
0 46 338 1
46 0 338 1
3 42 342 1
24 58 342 1
42 3 342 1
58 24 342 1
15 51 345 1
51 15 345 1
74 93 346 1
93 74 346 1
2 73 348 1
73 2 348 1
74 93 348 1
93 74 348 1
25 32 349 1
32 25 349 1
8 67 350 2
63 65 351 1
65 63 351 1
67 8 350 2
14 68 353 1
28 40 353 1
40 28 353 1
68 14 353 1
3 24 357 1
4 37 357 1
24 3 357 1
37 4 357 1
36 97 361 2
97 36 361 2
5 51 365 1
51 5 365 1
28 59 375 1
59 28 375 1
13 45 376 1
45 13 376 1
67 77 382 1
77 67 382 1
31 92 384 1
92 31 384 1
54 70 385 1
70 54 385 1
31 72 388 1
72 31 388 1
45 58 391 2
58 45 391 2
12 68 393 2
68 12 393 2
46 91 395 1
91 46 395 1
15 95 396 1
46 70 396 1
70 46 396 1
95 15 396 1
